#
# There is insufficient memory for the Java Runtime Environment to continue.
# Native memory allocation (mmap) failed to map 407896064 bytes for G1 virtual space
# Possible reasons:
#   The system is out of physical RAM or swap space
#   The process is running with CompressedOops enabled, and the Java Heap may be blocking the growth of the native heap
# Possible solutions:
#   Reduce memory load on the system
#   Increase physical memory or swap space
#   Check if swap backing store is full
#   Decrease Java heap size (-Xmx/-Xms)
#   Decrease number of Java threads
#   Decrease Java thread stack sizes (-Xss)
#   Set larger code cache with -XX:ReservedCodeCacheSize=
#   JVM is running with Unscaled Compressed Oops mode in which the Java heap is
#     placed in the first 4GB address space. The Java Heap base address is the
#     maximum limit for the native heap growth. Please use -XX:HeapBaseMinAddress
#     to set the Java Heap base and to place the Java Heap above 4GB virtual address.
# This output file may be truncated or incomplete.
#
#  Out of Memory Error (os_windows.cpp:3550), pid=6156, tid=14524
#
# JRE version: Java(TM) SE Runtime Environment (17.0.6+9) (build 17.0.6+9-LTS-190)
# Java VM: Java HotSpot(TM) 64-Bit Server VM (17.0.6+9-LTS-190, mixed mode, sharing, tiered, compressed oops, compressed class ptrs, g1 gc, windows-amd64)
# No core dump will be written. Minidumps are not enabled by default on client versions of Windows
#

---------------  S U M M A R Y ------------

Command Line: --add-opens=java.base/java.lang=ALL-UNNAMED --add-opens=java.base/java.lang.invoke=ALL-UNNAMED --add-opens=java.base/java.util=ALL-UNNAMED --add-opens=java.prefs/java.util.prefs=ALL-UNNAMED --add-exports=jdk.compiler/com.sun.tools.javac.api=ALL-UNNAMED --add-exports=jdk.compiler/com.sun.tools.javac.util=ALL-UNNAMED --add-opens=java.base/java.util=ALL-UNNAMED --add-opens=java.prefs/java.util.prefs=ALL-UNNAMED --add-opens=java.base/java.nio.charset=ALL-UNNAMED --add-opens=java.base/java.net=ALL-UNNAMED --add-opens=java.base/java.util.concurrent.atomic=ALL-UNNAMED --add-opens=java.xml/javax.xml.namespace=ALL-UNNAMED -Xmx2048m -Dfile.encoding=UTF-8 -Duser.country=KR -Duser.language=ko -Duser.variant -javaagent:C:\Users\jinny\.gradle\wrapper\dists\gradle-8.11.1-bin\bpt9gzteqjrbo1mjrsomdt32c\gradle-8.11.1\lib\agents\gradle-instrumentation-agent-8.11.1.jar org.gradle.launcher.daemon.bootstrap.GradleDaemon 8.11.1

Host: 12th Gen Intel(R) Core(TM) i7-1260P, 16 cores, 15G,  Windows 11 , 64 bit Build 26100 (10.0.26100.3775)
Time: Fri May 23 20:00:25 2025  Windows 11 , 64 bit Build 26100 (10.0.26100.3775) elapsed time: 19.623702 seconds (0d 0h 0m 19s)

---------------  T H R E A D  ---------------

Current thread (0x00000219a1bfeca0):  VMThread "VM Thread" [stack: 0x00000029f6300000,0x00000029f6400000] [id=14524]

Stack: [0x00000029f6300000,0x00000029f6400000]
Native frames: (J=compiled Java code, j=interpreted, Vv=VM code, C=native code)
V  [jvm.dll+0x6734ea]
V  [jvm.dll+0x7d18f4]
V  [jvm.dll+0x7d309e]
V  [jvm.dll+0x7d3703]
V  [jvm.dll+0x2433c5]
V  [jvm.dll+0x6703f9]
V  [jvm.dll+0x664d32]
V  [jvm.dll+0x300086]
V  [jvm.dll+0x307606]
V  [jvm.dll+0x356c1e]
V  [jvm.dll+0x356e4f]
V  [jvm.dll+0x2d72e8]
V  [jvm.dll+0x2d57e5]
V  [jvm.dll+0x2d4dec]
V  [jvm.dll+0x31837b]
V  [jvm.dll+0x7d7f0b]
V  [jvm.dll+0x7d8c44]
V  [jvm.dll+0x7d915d]
V  [jvm.dll+0x7d9534]
V  [jvm.dll+0x7d9600]
V  [jvm.dll+0x781a7a]
V  [jvm.dll+0x672375]
C  [ucrtbase.dll+0x37b0]
C  [KERNEL32.DLL+0x2e8d7]
C  [ntdll.dll+0xb14fc]

VM_Operation (0x00000029f7fef4b0): G1CollectForAllocation, mode: safepoint, requested by thread 0x00000219a2903ca0


---------------  P R O C E S S  ---------------

Threads class SMR info:
_java_thread_list=0x00000219a8c5e7d0, length=87, elements={
0x000002198322d250, 0x00000219a27ddd70, 0x00000219a27de830, 0x00000219a27faa10,
0x00000219a27fb2d0, 0x00000219a27fcea0, 0x00000219a2803280, 0x00000219a28049e0,
0x00000219a28065f0, 0x00000219a28189c0, 0x00000219a2902e30, 0x00000219a291ad00,
0x00000219a28c6f80, 0x00000219a28c7780, 0x00000219a2901fc0, 0x00000219a2904fe0,
0x00000219a2905980, 0x00000219a2904640, 0x00000219a2902490, 0x00000219a2904b10,
0x00000219a29037d0, 0x00000219a2903ca0, 0x00000219a2902960, 0x00000219a2903300,
0x00000219a5b2d1d0, 0x00000219a5b2a680, 0x00000219a5b2e510, 0x00000219a5b2e040,
0x00000219a5b2cd00, 0x00000219a5b2d6a0, 0x00000219a5b2e9e0, 0x00000219a5b2b9c0,
0x00000219a5b2db70, 0x00000219a5b2f380, 0x00000219a5b2eeb0, 0x00000219a5b2f850,
0x00000219ac270670, 0x00000219a5b2c830, 0x00000219a5b2ab50, 0x00000219a29054b0,
0x00000219a4549750, 0x00000219a454c2a0, 0x00000219a454aa90, 0x00000219a454a0f0,
0x00000219a454b900, 0x00000219a454bdd0, 0x00000219a4548db0, 0x00000219a454a5c0,
0x00000219a4549c20, 0x00000219a454af60, 0x00000219a454c770, 0x00000219a454b430,
0x00000219a454cc40, 0x00000219a454e450, 0x00000219a4549280, 0x00000219a454fc60,
0x00000219a4550130, 0x00000219a454e920, 0x00000219a4550600, 0x00000219a454f2c0,
0x00000219a454d110, 0x00000219a454d5e0, 0x00000219a454dab0, 0x00000219a454df80,
0x00000219a454edf0, 0x00000219a454f790, 0x00000219a38934b0, 0x00000219a3892fe0,
0x00000219a3891ca0, 0x00000219a3890960, 0x00000219a3892170, 0x00000219a3894320,
0x00000219a3892640, 0x00000219a3892b10, 0x00000219a3893980, 0x00000219a3893e50,
0x00000219a3890e30, 0x00000219a3894cc0, 0x00000219a38917d0, 0x00000219a3891300,
0x00000219a3897340, 0x00000219a3896e70, 0x00000219a38981b0, 0x00000219ac270b80,
0x00000219ac2724d0, 0x00000219ac2729e0, 0x00000219ac2715a0
}

Java Threads: ( => current thread )
  0x000002198322d250 JavaThread "main" [_thread_blocked, id=21668, stack(0x00000029f5d00000,0x00000029f5e00000)]
  0x00000219a27ddd70 JavaThread "Reference Handler" daemon [_thread_blocked, id=36100, stack(0x00000029f6400000,0x00000029f6500000)]
  0x00000219a27de830 JavaThread "Finalizer" daemon [_thread_blocked, id=46200, stack(0x00000029f6500000,0x00000029f6600000)]
  0x00000219a27faa10 JavaThread "Signal Dispatcher" daemon [_thread_blocked, id=49764, stack(0x00000029f6600000,0x00000029f6700000)]
  0x00000219a27fb2d0 JavaThread "Attach Listener" daemon [_thread_blocked, id=52016, stack(0x00000029f6700000,0x00000029f6800000)]
  0x00000219a27fcea0 JavaThread "Service Thread" daemon [_thread_blocked, id=4156, stack(0x00000029f6800000,0x00000029f6900000)]
  0x00000219a2803280 JavaThread "Monitor Deflation Thread" daemon [_thread_blocked, id=9520, stack(0x00000029f6900000,0x00000029f6a00000)]
  0x00000219a28049e0 JavaThread "C2 CompilerThread0" daemon [_thread_blocked, id=42660, stack(0x00000029f6a00000,0x00000029f6b00000)]
  0x00000219a28065f0 JavaThread "C1 CompilerThread0" daemon [_thread_blocked, id=22584, stack(0x00000029f6b00000,0x00000029f6c00000)]
  0x00000219a28189c0 JavaThread "Sweeper thread" daemon [_thread_blocked, id=32488, stack(0x00000029f6c00000,0x00000029f6d00000)]
  0x00000219a2902e30 JavaThread "Common-Cleaner" daemon [_thread_blocked, id=51416, stack(0x00000029f6d00000,0x00000029f6e00000)]
  0x00000219a291ad00 JavaThread "C1 CompilerThread1" daemon [_thread_blocked, id=28820, stack(0x00000029f6e00000,0x00000029f6f00000)]
  0x00000219a28c6f80 JavaThread "C1 CompilerThread2" daemon [_thread_blocked, id=19732, stack(0x00000029f6f00000,0x00000029f7000000)]
  0x00000219a28c7780 JavaThread "C1 CompilerThread3" daemon [_thread_blocked, id=51784, stack(0x00000029f7000000,0x00000029f7100000)]
  0x00000219a2901fc0 JavaThread "Notification Thread" daemon [_thread_blocked, id=49100, stack(0x00000029f7200000,0x00000029f7300000)]
  0x00000219a2904fe0 JavaThread "Daemon health stats" [_thread_blocked, id=23892, stack(0x00000029f7400000,0x00000029f7500000)]
  0x00000219a2905980 JavaThread "Incoming local TCP Connector on port 7001" [_thread_in_native, id=34732, stack(0x00000029f7500000,0x00000029f7600000)]
  0x00000219a2904640 JavaThread "Daemon periodic checks" [_thread_blocked, id=23356, stack(0x00000029f7600000,0x00000029f7700000)]
  0x00000219a2902490 JavaThread "Daemon" [_thread_blocked, id=6920, stack(0x00000029f7c00000,0x00000029f7d00000)]
  0x00000219a2904b10 JavaThread "Handler for socket connection from /127.0.0.1:7001 to /127.0.0.1:7002" [_thread_in_native, id=23708, stack(0x00000029f7d00000,0x00000029f7e00000)]
  0x00000219a29037d0 JavaThread "Cancel handler" [_thread_blocked, id=43768, stack(0x00000029f7e00000,0x00000029f7f00000)]
  0x00000219a2903ca0 JavaThread "Daemon worker" [_thread_blocked, id=29384, stack(0x00000029f7f00000,0x00000029f8000000)]
  0x00000219a2902960 JavaThread "Asynchronous log dispatcher for DefaultDaemonConnection: socket connection from /127.0.0.1:7001 to /127.0.0.1:7002" [_thread_blocked, id=38680, stack(0x00000029f8000000,0x00000029f8100000)]
  0x00000219a2903300 JavaThread "Stdin handler" [_thread_blocked, id=30620, stack(0x00000029f8100000,0x00000029f8200000)]
  0x00000219a5b2d1d0 JavaThread "Daemon client event forwarder" [_thread_blocked, id=53256, stack(0x00000029f8200000,0x00000029f8300000)]
  0x00000219a5b2a680 JavaThread "Cache worker for journal cache (C:\Users\jinny\.gradle\caches\journal-1)" [_thread_blocked, id=19180, stack(0x00000029f8300000,0x00000029f8400000)]
  0x00000219a5b2e510 JavaThread "File lock request listener" [_thread_in_native, id=11300, stack(0x00000029f8400000,0x00000029f8500000)]
  0x00000219a5b2e040 JavaThread "Cache worker for file hash cache (C:\Users\jinny\.gradle\caches\8.11.1\fileHashes)" [_thread_blocked, id=36556, stack(0x00000029f8500000,0x00000029f8600000)]
  0x00000219a5b2cd00 JavaThread "Cache worker for file content cache (C:\Users\jinny\.gradle\caches\8.11.1\fileContent)" [_thread_blocked, id=50600, stack(0x00000029f8600000,0x00000029f8700000)]
  0x00000219a5b2d6a0 JavaThread "Cache worker for file hash cache (C:\Users\jinny\AndroidStudioProjects\MungNyang\.gradle\8.11.1\fileHashes)" [_thread_blocked, id=13592, stack(0x00000029f8a00000,0x00000029f8b00000)]
  0x00000219a5b2e9e0 JavaThread "Cache worker for Build Output Cleanup Cache (C:\Users\jinny\AndroidStudioProjects\MungNyang\.gradle\buildOutputCleanup)" [_thread_blocked, id=57668, stack(0x00000029f8b00000,0x00000029f8c00000)]
  0x00000219a5b2b9c0 JavaThread "File watcher server" daemon [_thread_in_native, id=58092, stack(0x00000029f9500000,0x00000029f9600000)]
  0x00000219a5b2db70 JavaThread "File watcher consumer" daemon [_thread_blocked, id=58268, stack(0x00000029f9600000,0x00000029f9700000)]
  0x00000219a5b2f380 JavaThread "Cache worker for checksums cache (C:\Users\jinny\AndroidStudioProjects\MungNyang\.gradle\8.11.1\checksums)" [_thread_blocked, id=46060, stack(0x00000029f8900000,0x00000029f8a00000)]
  0x00000219a5b2eeb0 JavaThread "Cache worker for cache directory md-rule (C:\Users\jinny\.gradle\caches\8.11.1\md-rule)" [_thread_blocked, id=33868, stack(0x00000029f9700000,0x00000029f9800000)]
  0x00000219a5b2f850 JavaThread "Cache worker for cache directory md-supplier (C:\Users\jinny\.gradle\caches\8.11.1\md-supplier)" [_thread_blocked, id=52340, stack(0x00000029f9800000,0x00000029f9900000)]
  0x00000219ac270670 JavaThread "C2 CompilerThread1" daemon [_thread_blocked, id=40008, stack(0x00000029f7100000,0x00000029f7200000)]
  0x00000219a5b2c830 JavaThread "Unconstrained build operations" [_thread_blocked, id=38200, stack(0x00000029f9900000,0x00000029f9a00000)]
  0x00000219a5b2ab50 JavaThread "Unconstrained build operations Thread 2" [_thread_blocked, id=2860, stack(0x00000029f9a00000,0x00000029f9b00000)]
  0x00000219a29054b0 JavaThread "Unconstrained build operations Thread 3" [_thread_blocked, id=5948, stack(0x00000029f9b00000,0x00000029f9c00000)]
  0x00000219a4549750 JavaThread "Unconstrained build operations Thread 4" [_thread_blocked, id=34508, stack(0x00000029f9c00000,0x00000029f9d00000)]
  0x00000219a454c2a0 JavaThread "Unconstrained build operations Thread 5" [_thread_blocked, id=28156, stack(0x00000029f9d00000,0x00000029f9e00000)]
  0x00000219a454aa90 JavaThread "Unconstrained build operations Thread 6" [_thread_blocked, id=43984, stack(0x00000029fa700000,0x00000029fa800000)]
  0x00000219a454a0f0 JavaThread "Unconstrained build operations Thread 7" [_thread_blocked, id=48032, stack(0x00000029fa800000,0x00000029fa900000)]
  0x00000219a454b900 JavaThread "Unconstrained build operations Thread 8" [_thread_blocked, id=44188, stack(0x00000029fa900000,0x00000029faa00000)]
  0x00000219a454bdd0 JavaThread "Unconstrained build operations Thread 9" [_thread_blocked, id=50664, stack(0x00000029faa00000,0x00000029fab00000)]
  0x00000219a4548db0 JavaThread "Unconstrained build operations Thread 10" [_thread_blocked, id=48132, stack(0x00000029fab00000,0x00000029fac00000)]
  0x00000219a454a5c0 JavaThread "Unconstrained build operations Thread 11" [_thread_blocked, id=36204, stack(0x00000029fac00000,0x00000029fad00000)]
  0x00000219a4549c20 JavaThread "Unconstrained build operations Thread 12" [_thread_blocked, id=10000, stack(0x00000029fad00000,0x00000029fae00000)]
  0x00000219a454af60 JavaThread "Unconstrained build operations Thread 13" [_thread_blocked, id=624, stack(0x00000029fae00000,0x00000029faf00000)]
  0x00000219a454c770 JavaThread "Unconstrained build operations Thread 14" [_thread_blocked, id=46376, stack(0x00000029faf00000,0x00000029fb000000)]
  0x00000219a454b430 JavaThread "Unconstrained build operations Thread 15" [_thread_blocked, id=34580, stack(0x00000029fb000000,0x00000029fb100000)]
  0x00000219a454cc40 JavaThread "Unconstrained build operations Thread 16" [_thread_blocked, id=49252, stack(0x00000029fb100000,0x00000029fb200000)]
  0x00000219a454e450 JavaThread "Unconstrained build operations Thread 17" [_thread_blocked, id=48368, stack(0x00000029fb200000,0x00000029fb300000)]
  0x00000219a4549280 JavaThread "Unconstrained build operations Thread 18" [_thread_blocked, id=38984, stack(0x00000029fb300000,0x00000029fb400000)]
  0x00000219a454fc60 JavaThread "Unconstrained build operations Thread 19" [_thread_blocked, id=12736, stack(0x00000029fb400000,0x00000029fb500000)]
  0x00000219a4550130 JavaThread "Unconstrained build operations Thread 20" [_thread_blocked, id=56336, stack(0x00000029fb500000,0x00000029fb600000)]
  0x00000219a454e920 JavaThread "Unconstrained build operations Thread 21" [_thread_blocked, id=47696, stack(0x00000029fb600000,0x00000029fb700000)]
  0x00000219a4550600 JavaThread "Unconstrained build operations Thread 22" [_thread_blocked, id=48316, stack(0x00000029fb700000,0x00000029fb800000)]
  0x00000219a454f2c0 JavaThread "Unconstrained build operations Thread 23" [_thread_blocked, id=5284, stack(0x00000029fb800000,0x00000029fb900000)]
  0x00000219a454d110 JavaThread "Unconstrained build operations Thread 24" [_thread_blocked, id=57300, stack(0x00000029fb900000,0x00000029fba00000)]
  0x00000219a454d5e0 JavaThread "Unconstrained build operations Thread 25" [_thread_blocked, id=1232, stack(0x00000029fba00000,0x00000029fbb00000)]
  0x00000219a454dab0 JavaThread "Unconstrained build operations Thread 26" [_thread_blocked, id=46360, stack(0x00000029fbb00000,0x00000029fbc00000)]
  0x00000219a454df80 JavaThread "Unconstrained build operations Thread 27" [_thread_blocked, id=58052, stack(0x00000029fbc00000,0x00000029fbd00000)]
  0x00000219a454edf0 JavaThread "Unconstrained build operations Thread 28" [_thread_blocked, id=13520, stack(0x00000029fbd00000,0x00000029fbe00000)]
  0x00000219a454f790 JavaThread "Unconstrained build operations Thread 29" [_thread_blocked, id=21560, stack(0x00000029fbe00000,0x00000029fbf00000)]
  0x00000219a38934b0 JavaThread "Unconstrained build operations Thread 30" [_thread_blocked, id=48120, stack(0x00000029fbf00000,0x00000029fc000000)]
  0x00000219a3892fe0 JavaThread "File lock release action executor" [_thread_blocked, id=44092, stack(0x00000029fc300000,0x00000029fc400000)]
  0x00000219a3891ca0 JavaThread "Unconstrained build operations Thread 31" [_thread_blocked, id=8128, stack(0x00000029fc400000,0x00000029fc500000)]
  0x00000219a3890960 JavaThread "Unconstrained build operations Thread 32" [_thread_blocked, id=55600, stack(0x00000029fc500000,0x00000029fc600000)]
  0x00000219a3892170 JavaThread "Unconstrained build operations Thread 33" [_thread_blocked, id=15256, stack(0x00000029fc600000,0x00000029fc700000)]
  0x00000219a3894320 JavaThread "Unconstrained build operations Thread 34" [_thread_blocked, id=57996, stack(0x00000029fc700000,0x00000029fc800000)]
  0x00000219a3892640 JavaThread "Unconstrained build operations Thread 35" [_thread_blocked, id=58320, stack(0x00000029fc800000,0x00000029fc900000)]
  0x00000219a3892b10 JavaThread "Unconstrained build operations Thread 36" [_thread_blocked, id=1580, stack(0x00000029fc900000,0x00000029fca00000)]
  0x00000219a3893980 JavaThread "Unconstrained build operations Thread 37" [_thread_blocked, id=34876, stack(0x00000029fca00000,0x00000029fcb00000)]
  0x00000219a3893e50 JavaThread "Unconstrained build operations Thread 38" [_thread_blocked, id=33500, stack(0x00000029fcb00000,0x00000029fcc00000)]
  0x00000219a3890e30 JavaThread "Unconstrained build operations Thread 39" [_thread_blocked, id=26932, stack(0x00000029fcc00000,0x00000029fcd00000)]
  0x00000219a3894cc0 JavaThread "Unconstrained build operations Thread 40" [_thread_blocked, id=17080, stack(0x00000029fcd00000,0x00000029fce00000)]
  0x00000219a38917d0 JavaThread "Unconstrained build operations Thread 41" [_thread_blocked, id=55364, stack(0x00000029fce00000,0x00000029fcf00000)]
  0x00000219a3891300 JavaThread "Unconstrained build operations Thread 42" [_thread_blocked, id=11508, stack(0x00000029fcf00000,0x00000029fd000000)]
  0x00000219a3897340 JavaThread "Unconstrained build operations Thread 43" [_thread_blocked, id=38512, stack(0x00000029fd000000,0x00000029fd100000)]
  0x00000219a3896e70 JavaThread "Unconstrained build operations Thread 44" [_thread_blocked, id=9716, stack(0x00000029fd100000,0x00000029fd200000)]
  0x00000219a38981b0 JavaThread "Unconstrained build operations Thread 45" [_thread_blocked, id=56592, stack(0x00000029fd200000,0x00000029fd300000)]
  0x00000219ac270b80 JavaThread "C2 CompilerThread2" daemon [_thread_blocked, id=51528, stack(0x00000029f8700000,0x00000029f8800000)]
  0x00000219ac2724d0 JavaThread "C2 CompilerThread3" daemon [_thread_blocked, id=43104, stack(0x00000029fc000000,0x00000029fc100000)]
  0x00000219ac2729e0 JavaThread "C2 CompilerThread4" daemon [_thread_blocked, id=56180, stack(0x00000029fc100000,0x00000029fc200000)]
  0x00000219ac2715a0 JavaThread "C2 CompilerThread5" daemon [_thread_blocked, id=13344, stack(0x00000029fc200000,0x00000029fc300000)]

Other Threads:
=>0x00000219a1bfeca0 VMThread "VM Thread" [stack: 0x00000029f6300000,0x00000029f6400000] [id=14524]
  0x000002198322dd70 WatcherThread [stack: 0x00000029f7300000,0x00000029f7400000] [id=30676]
  0x000002198195ea00 GCTaskThread "GC Thread#0" [stack: 0x00000029f5e00000,0x00000029f5f00000] [id=25272]
  0x00000219a38b9910 GCTaskThread "GC Thread#1" [stack: 0x00000029f7700000,0x00000029f7800000] [id=40620]
  0x00000219a3711f20 GCTaskThread "GC Thread#2" [stack: 0x00000029f7800000,0x00000029f7900000] [id=20676]
  0x00000219a3741300 GCTaskThread "GC Thread#3" [stack: 0x00000029f7900000,0x00000029f7a00000] [id=52312]
  0x00000219a37415b0 GCTaskThread "GC Thread#4" [stack: 0x00000029f7a00000,0x00000029f7b00000] [id=18916]
  0x00000219a3741860 GCTaskThread "GC Thread#5" [stack: 0x00000029f7b00000,0x00000029f7c00000] [id=51532]
  0x00000219a4d9bef0 GCTaskThread "GC Thread#6" [stack: 0x00000029f8c00000,0x00000029f8d00000] [id=58056]
  0x00000219a4d9a970 GCTaskThread "GC Thread#7" [stack: 0x00000029f8d00000,0x00000029f8e00000] [id=57992]
  0x00000219a56897f0 GCTaskThread "GC Thread#8" [stack: 0x00000029f8e00000,0x00000029f8f00000] [id=58012]
  0x00000219a568b020 GCTaskThread "GC Thread#9" [stack: 0x00000029f8f00000,0x00000029f9000000] [id=58044]
  0x00000219a5689aa0 GCTaskThread "GC Thread#10" [stack: 0x00000029f9000000,0x00000029f9100000] [id=53092]
  0x00000219a568b2d0 GCTaskThread "GC Thread#11" [stack: 0x00000029f9100000,0x00000029f9200000] [id=37124]
  0x00000219a568a560 GCTaskThread "GC Thread#12" [stack: 0x00000029f9200000,0x00000029f9300000] [id=58004]
  0x0000021983296a70 ConcurrentGCThread "G1 Main Marker" [stack: 0x00000029f5f00000,0x00000029f6000000] [id=35720]
  0x0000021983298800 ConcurrentGCThread "G1 Conc#0" [stack: 0x00000029f6000000,0x00000029f6100000] [id=11284]
  0x00000219a5689540 ConcurrentGCThread "G1 Conc#1" [stack: 0x00000029f9300000,0x00000029f9400000] [id=23544]
  0x00000219a568b830 ConcurrentGCThread "G1 Conc#2" [stack: 0x00000029f9400000,0x00000029f9500000] [id=58064]
  0x00000219832ddb10 ConcurrentGCThread "G1 Refine#0" [stack: 0x00000029f6100000,0x00000029f6200000] [id=48348]
  0x00000219a99df4d0 ConcurrentGCThread "G1 Refine#1" [stack: 0x00000029f8800000,0x00000029f8900000] [id=12456]
  0x00000219a99de950 ConcurrentGCThread "G1 Refine#2" [stack: 0x00000029f9e00000,0x00000029f9f00000] [id=45260]
  0x00000219a99de390 ConcurrentGCThread "G1 Refine#3" [stack: 0x00000029f9f00000,0x00000029fa000000] [id=17848]
  0x00000219a99dec30 ConcurrentGCThread "G1 Refine#4" [stack: 0x00000029fa000000,0x00000029fa100000] [id=45216]
  0x00000219a99de0b0 ConcurrentGCThread "G1 Refine#5" [stack: 0x00000029fa100000,0x00000029fa200000] [id=52288]
  0x00000219a99dd810 ConcurrentGCThread "G1 Refine#6" [stack: 0x00000029fa200000,0x00000029fa300000] [id=34828]
  0x00000219a99df1f0 ConcurrentGCThread "G1 Refine#7" [stack: 0x00000029fa300000,0x00000029fa400000] [id=3632]
  0x00000219a99e0050 ConcurrentGCThread "G1 Refine#8" [stack: 0x00000029fa400000,0x00000029fa500000] [id=43916]
  0x00000219a99dc3f0 ConcurrentGCThread "G1 Refine#9" [stack: 0x00000029fa500000,0x00000029fa600000] [id=42872]
  0x00000219a99dd250 ConcurrentGCThread "G1 Refine#10" [stack: 0x00000029fa600000,0x00000029fa700000] [id=55944]
  0x00000219832de2e0 ConcurrentGCThread "G1 Service" [stack: 0x00000029f6200000,0x00000029f6300000] [id=16696]

Threads with active compile tasks:
C2 CompilerThread0    19699 13580       4       org.jetbrains.kotlin.serialization.deserialization.descriptors.DeserializedMemberScope$OptimizedImplementation::packToByteArray (262 bytes)
C2 CompilerThread1    19699 13652       4       kotlin.collections.ArraysKt___ArraysKt::map (82 bytes)
C2 CompilerThread2    19699 13549       4       org.jetbrains.kotlin.metadata.jvm.deserialization.ModuleMapping$Companion::loadModuleMapping (1038 bytes)
C2 CompilerThread3    19699 13588   !   4       org.jetbrains.kotlin.metadata.jvm.JvmProtoBuf$StringTableTypes$Record::<init> (759 bytes)
C2 CompilerThread4    19699 13593       4       org.jetbrains.kotlin.metadata.ProtoBuf$ValueParameter::writeTo (148 bytes)
C2 CompilerThread5    19699 13655       4       org.jetbrains.kotlin.resolve.QualifiedExpressionResolver::quickResolveToPackage (331 bytes)

VM state: at safepoint (normal execution)

VM Mutex/Monitor currently owned by a thread:  ([mutex/lock_event])
[0x0000021983228140] Threads_lock - owner thread: 0x00000219a1bfeca0
[0x00000219832292b0] Heap_lock - owner thread: 0x00000219a2903ca0

Heap address: 0x0000000080000000, size: 2048 MB, Compressed Oops mode: 32-bit

CDS archive(s) mapped at: [0x0000000800000000-0x0000000800bd0000-0x0000000800bd0000), size 12386304, SharedBaseAddress: 0x0000000800000000, ArchiveRelocationMode: 0.
Compressed class space mapped at: 0x0000000800c00000-0x0000000840c00000, reserved size: 1073741824
Narrow klass base: 0x0000000800000000, Narrow klass shift: 0, Narrow klass range: 0x100000000

GC Precious Log:
 CPUs: 16 total, 16 available
 Memory: 16010M
 Large Page Support: Disabled
 NUMA Support: Disabled
 Compressed Oops: Enabled (32-bit)
 Heap Region Size: 1M
 Heap Min Capacity: 8M
 Heap Initial Capacity: 252M
 Heap Max Capacity: 2G
 Pre-touch: Disabled
 Parallel Workers: 13
 Concurrent Workers: 3
 Concurrent Refinement Workers: 13
 Periodic GC: Disabled

Heap:
 garbage-first heap   total 265216K, used 136166K [0x0000000080000000, 0x0000000100000000)
  region size 1024K, 2 young (2048K), 2 survivors (2048K)
 Metaspace       used 110690K, committed 111424K, reserved 1146880K
  class space    used 14273K, committed 14592K, reserved 1048576K

Heap Regions: E=young(eden), S=young(survivor), O=old, HS=humongous(starts), HC=humongous(continues), CS=collection set, F=free, OA=open archive, CA=closed archive, TAMS=top-at-mark-start (previous, next)
|   0|0x0000000080000000, 0x0000000080100000, 0x0000000080100000|100%| O|  |TAMS 0x0000000080100000, 0x0000000080000000| Untracked 
|   1|0x0000000080100000, 0x0000000080200000, 0x0000000080200000|100%|HS|  |TAMS 0x0000000080200000, 0x0000000080100000| Complete 
|   2|0x0000000080200000, 0x0000000080300000, 0x0000000080300000|100%|HC|  |TAMS 0x0000000080300000, 0x0000000080200000| Complete 
|   3|0x0000000080300000, 0x0000000080400000, 0x0000000080400000|100%|HC|  |TAMS 0x0000000080400000, 0x0000000080300000| Complete 
|   4|0x0000000080400000, 0x0000000080500000, 0x0000000080500000|100%| O|  |TAMS 0x0000000080500000, 0x0000000080400000| Untracked 
|   5|0x0000000080500000, 0x0000000080600000, 0x0000000080600000|100%| O|  |TAMS 0x0000000080600000, 0x0000000080500000| Untracked 
|   6|0x0000000080600000, 0x0000000080700000, 0x0000000080700000|100%| O|  |TAMS 0x0000000080700000, 0x0000000080600000| Untracked 
|   7|0x0000000080700000, 0x0000000080800000, 0x0000000080800000|100%|HS|  |TAMS 0x0000000080800000, 0x0000000080700000| Complete 
|   8|0x0000000080800000, 0x0000000080900000, 0x0000000080900000|100%| O|  |TAMS 0x0000000080900000, 0x0000000080800000| Untracked 
|   9|0x0000000080900000, 0x0000000080a00000, 0x0000000080a00000|100%| O|  |TAMS 0x0000000080a00000, 0x0000000080900000| Untracked 
|  10|0x0000000080a00000, 0x0000000080b00000, 0x0000000080b00000|100%| O|  |TAMS 0x0000000080b00000, 0x0000000080a00000| Untracked 
|  11|0x0000000080b00000, 0x0000000080c00000, 0x0000000080c00000|100%| O|  |TAMS 0x0000000080c00000, 0x0000000080b00000| Untracked 
|  12|0x0000000080c00000, 0x0000000080c00000, 0x0000000080d00000|  0%| F|  |TAMS 0x0000000080c00000, 0x0000000080c00000| Untracked 
|  13|0x0000000080d00000, 0x0000000080e00000, 0x0000000080e00000|100%| O|  |TAMS 0x0000000080e00000, 0x0000000080d00000| Untracked 
|  14|0x0000000080e00000, 0x0000000080f00000, 0x0000000080f00000|100%| O|  |TAMS 0x0000000080f00000, 0x0000000080e00000| Untracked 
|  15|0x0000000080f00000, 0x0000000081000000, 0x0000000081000000|100%| O|  |TAMS 0x0000000081000000, 0x0000000080f00000| Untracked 
|  16|0x0000000081000000, 0x0000000081100000, 0x0000000081100000|100%| O|  |TAMS 0x0000000081100000, 0x0000000081000000| Untracked 
|  17|0x0000000081100000, 0x0000000081200000, 0x0000000081200000|100%| O|  |TAMS 0x0000000081200000, 0x0000000081100000| Untracked 
|  18|0x0000000081200000, 0x0000000081300000, 0x0000000081300000|100%| O|  |TAMS 0x0000000081300000, 0x0000000081200000| Untracked 
|  19|0x0000000081300000, 0x0000000081400000, 0x0000000081400000|100%| O|  |TAMS 0x0000000081400000, 0x0000000081300000| Untracked 
|  20|0x0000000081400000, 0x0000000081500000, 0x0000000081500000|100%| O|  |TAMS 0x0000000081500000, 0x0000000081400000| Untracked 
|  21|0x0000000081500000, 0x0000000081600000, 0x0000000081600000|100%| O|  |TAMS 0x0000000081600000, 0x0000000081500000| Untracked 
|  22|0x0000000081600000, 0x0000000081700000, 0x0000000081700000|100%| O|  |TAMS 0x0000000081700000, 0x0000000081600000| Untracked 
|  23|0x0000000081700000, 0x0000000081800000, 0x0000000081800000|100%| O|  |TAMS 0x0000000081800000, 0x0000000081700000| Untracked 
|  24|0x0000000081800000, 0x0000000081900000, 0x0000000081900000|100%| O|  |TAMS 0x0000000081900000, 0x0000000081800000| Untracked 
|  25|0x0000000081900000, 0x0000000081a00000, 0x0000000081a00000|100%| O|  |TAMS 0x0000000081a00000, 0x0000000081900000| Untracked 
|  26|0x0000000081a00000, 0x0000000081b00000, 0x0000000081b00000|100%| O|  |TAMS 0x0000000081b00000, 0x0000000081a00000| Untracked 
|  27|0x0000000081b00000, 0x0000000081c00000, 0x0000000081c00000|100%| O|  |TAMS 0x0000000081c00000, 0x0000000081b00000| Untracked 
|  28|0x0000000081c00000, 0x0000000081d00000, 0x0000000081d00000|100%| O|  |TAMS 0x0000000081d00000, 0x0000000081c00000| Untracked 
|  29|0x0000000081d00000, 0x0000000081e00000, 0x0000000081e00000|100%| O|  |TAMS 0x0000000081e00000, 0x0000000081d00000| Untracked 
|  30|0x0000000081e00000, 0x0000000081f00000, 0x0000000081f00000|100%| O|  |TAMS 0x0000000081f00000, 0x0000000081e00000| Untracked 
|  31|0x0000000081f00000, 0x0000000082000000, 0x0000000082000000|100%| O|  |TAMS 0x0000000082000000, 0x0000000081f00000| Untracked 
|  32|0x0000000082000000, 0x0000000082100000, 0x0000000082100000|100%| O|  |TAMS 0x0000000082100000, 0x0000000082000000| Untracked 
|  33|0x0000000082100000, 0x0000000082200000, 0x0000000082200000|100%| O|  |TAMS 0x0000000082200000, 0x0000000082100000| Untracked 
|  34|0x0000000082200000, 0x0000000082300000, 0x0000000082300000|100%| O|  |TAMS 0x0000000082300000, 0x0000000082200000| Untracked 
|  35|0x0000000082300000, 0x0000000082400000, 0x0000000082400000|100%| O|  |TAMS 0x0000000082400000, 0x0000000082300000| Untracked 
|  36|0x0000000082400000, 0x0000000082500000, 0x0000000082500000|100%| O|  |TAMS 0x0000000082500000, 0x0000000082400000| Untracked 
|  37|0x0000000082500000, 0x0000000082600000, 0x0000000082600000|100%| O|  |TAMS 0x0000000082600000, 0x0000000082500000| Untracked 
|  38|0x0000000082600000, 0x0000000082700000, 0x0000000082700000|100%| O|  |TAMS 0x0000000082700000, 0x0000000082600000| Untracked 
|  39|0x0000000082700000, 0x0000000082800000, 0x0000000082800000|100%| O|  |TAMS 0x0000000082800000, 0x0000000082700000| Untracked 
|  40|0x0000000082800000, 0x0000000082900000, 0x0000000082900000|100%| O|  |TAMS 0x0000000082900000, 0x0000000082800000| Untracked 
|  41|0x0000000082900000, 0x0000000082a00000, 0x0000000082a00000|100%| O|  |TAMS 0x0000000082a00000, 0x0000000082900000| Untracked 
|  42|0x0000000082a00000, 0x0000000082b00000, 0x0000000082b00000|100%| O|  |TAMS 0x0000000082b00000, 0x0000000082a00000| Untracked 
|  43|0x0000000082b00000, 0x0000000082c00000, 0x0000000082c00000|100%| O|  |TAMS 0x0000000082c00000, 0x0000000082b00000| Untracked 
|  44|0x0000000082c00000, 0x0000000082d00000, 0x0000000082d00000|100%| O|  |TAMS 0x0000000082d00000, 0x0000000082c00000| Untracked 
|  45|0x0000000082d00000, 0x0000000082e00000, 0x0000000082e00000|100%|HS|  |TAMS 0x0000000082e00000, 0x0000000082d00000| Complete 
|  46|0x0000000082e00000, 0x0000000082f00000, 0x0000000082f00000|100%|HC|  |TAMS 0x0000000082f00000, 0x0000000082e00000| Complete 
|  47|0x0000000082f00000, 0x0000000083000000, 0x0000000083000000|100%|HC|  |TAMS 0x0000000083000000, 0x0000000082f00000| Complete 
|  48|0x0000000083000000, 0x0000000083100000, 0x0000000083100000|100%|HC|  |TAMS 0x0000000083100000, 0x0000000083000000| Complete 
|  49|0x0000000083100000, 0x0000000083200000, 0x0000000083200000|100%|HC|  |TAMS 0x0000000083200000, 0x0000000083100000| Complete 
|  50|0x0000000083200000, 0x0000000083300000, 0x0000000083300000|100%|HC|  |TAMS 0x0000000083300000, 0x0000000083200000| Complete 
|  51|0x0000000083300000, 0x0000000083400000, 0x0000000083400000|100%|HS|  |TAMS 0x0000000083400000, 0x0000000083300000| Complete 
|  52|0x0000000083400000, 0x0000000083500000, 0x0000000083500000|100%| O|  |TAMS 0x0000000083500000, 0x0000000083400000| Untracked 
|  53|0x0000000083500000, 0x0000000083600000, 0x0000000083600000|100%| O|  |TAMS 0x0000000083600000, 0x0000000083500000| Untracked 
|  54|0x0000000083600000, 0x0000000083700000, 0x0000000083700000|100%| O|  |TAMS 0x0000000083700000, 0x0000000083600000| Untracked 
|  55|0x0000000083700000, 0x0000000083800000, 0x0000000083800000|100%| O|  |TAMS 0x0000000083800000, 0x0000000083700000| Untracked 
|  56|0x0000000083800000, 0x0000000083900000, 0x0000000083900000|100%| O|  |TAMS 0x0000000083900000, 0x0000000083800000| Untracked 
|  57|0x0000000083900000, 0x0000000083a00000, 0x0000000083a00000|100%| O|  |TAMS 0x0000000083a00000, 0x0000000083900000| Untracked 
|  58|0x0000000083a00000, 0x0000000083b00000, 0x0000000083b00000|100%| O|  |TAMS 0x0000000083b00000, 0x0000000083a00000| Untracked 
|  59|0x0000000083b00000, 0x0000000083c00000, 0x0000000083c00000|100%| O|  |TAMS 0x0000000083c00000, 0x0000000083b00000| Untracked 
|  60|0x0000000083c00000, 0x0000000083d00000, 0x0000000083d00000|100%|HS|  |TAMS 0x0000000083d00000, 0x0000000083c00000| Complete 
|  61|0x0000000083d00000, 0x0000000083e00000, 0x0000000083e00000|100%|HS|  |TAMS 0x0000000083e00000, 0x0000000083d00000| Complete 
|  62|0x0000000083e00000, 0x0000000083f00000, 0x0000000083f00000|100%| O|  |TAMS 0x0000000083e00000, 0x0000000083e00000| Untracked 
|  63|0x0000000083f00000, 0x0000000084000000, 0x0000000084000000|100%| O|  |TAMS 0x0000000083f00000, 0x0000000083f00000| Untracked 
|  64|0x0000000084000000, 0x0000000084000000, 0x0000000084100000|  0%| F|  |TAMS 0x0000000084000000, 0x0000000084000000| Untracked 
|  65|0x0000000084100000, 0x0000000084200000, 0x0000000084200000|100%| O|  |TAMS 0x0000000084100000, 0x0000000084100000| Untracked 
|  66|0x0000000084200000, 0x0000000084300000, 0x0000000084300000|100%| O|  |TAMS 0x0000000084300000, 0x0000000084200000| Untracked 
|  67|0x0000000084300000, 0x0000000084400000, 0x0000000084400000|100%|HS|  |TAMS 0x0000000084400000, 0x0000000084300000| Complete 
|  68|0x0000000084400000, 0x0000000084500000, 0x0000000084500000|100%|HC|  |TAMS 0x0000000084500000, 0x0000000084400000| Complete 
|  69|0x0000000084500000, 0x0000000084600000, 0x0000000084600000|100%|HC|  |TAMS 0x0000000084600000, 0x0000000084500000| Complete 
|  70|0x0000000084600000, 0x0000000084700000, 0x0000000084700000|100%| O|  |TAMS 0x0000000084700000, 0x0000000084600000| Untracked 
|  71|0x0000000084700000, 0x0000000084800000, 0x0000000084800000|100%| O|  |TAMS 0x0000000084800000, 0x0000000084700000| Untracked 
|  72|0x0000000084800000, 0x0000000084900000, 0x0000000084900000|100%| O|  |TAMS 0x0000000084900000, 0x0000000084800000| Untracked 
|  73|0x0000000084900000, 0x0000000084a00000, 0x0000000084a00000|100%| O|  |TAMS 0x0000000084a00000, 0x0000000084900000| Untracked 
|  74|0x0000000084a00000, 0x0000000084b00000, 0x0000000084b00000|100%| O|  |TAMS 0x0000000084b00000, 0x0000000084a00000| Untracked 
|  75|0x0000000084b00000, 0x0000000084c00000, 0x0000000084c00000|100%|HS|  |TAMS 0x0000000084c00000, 0x0000000084b00000| Complete 
|  76|0x0000000084c00000, 0x0000000084d00000, 0x0000000084d00000|100%|HS|  |TAMS 0x0000000084d00000, 0x0000000084c00000| Complete 
|  77|0x0000000084d00000, 0x0000000084e00000, 0x0000000084e00000|100%| O|  |TAMS 0x0000000084e00000, 0x0000000084d00000| Untracked 
|  78|0x0000000084e00000, 0x0000000084f00000, 0x0000000084f00000|100%| O|  |TAMS 0x0000000084f00000, 0x0000000084e00000| Untracked 
|  79|0x0000000084f00000, 0x0000000085000000, 0x0000000085000000|100%| O|  |TAMS 0x0000000085000000, 0x0000000084f00000| Untracked 
|  80|0x0000000085000000, 0x0000000085100000, 0x0000000085100000|100%| O|  |TAMS 0x0000000085100000, 0x0000000085000000| Untracked 
|  81|0x0000000085100000, 0x0000000085200000, 0x0000000085200000|100%| O|  |TAMS 0x0000000085200000, 0x0000000085100000| Untracked 
|  82|0x0000000085200000, 0x0000000085300000, 0x0000000085300000|100%| O|  |TAMS 0x0000000085300000, 0x0000000085200000| Untracked 
|  83|0x0000000085300000, 0x0000000085400000, 0x0000000085400000|100%| O|  |TAMS 0x0000000085400000, 0x0000000085300000| Untracked 
|  84|0x0000000085400000, 0x0000000085500000, 0x0000000085500000|100%| O|  |TAMS 0x0000000085500000, 0x0000000085400000| Untracked 
|  85|0x0000000085500000, 0x0000000085600000, 0x0000000085600000|100%| O|  |TAMS 0x0000000085600000, 0x0000000085500000| Untracked 
|  86|0x0000000085600000, 0x0000000085600000, 0x0000000085700000|  0%| F|  |TAMS 0x0000000085600000, 0x0000000085600000| Untracked 
|  87|0x0000000085700000, 0x0000000085800000, 0x0000000085800000|100%|HS|  |TAMS 0x0000000085800000, 0x0000000085700000| Complete 
|  88|0x0000000085800000, 0x0000000085900000, 0x0000000085900000|100%|HC|  |TAMS 0x0000000085900000, 0x0000000085800000| Complete 
|  89|0x0000000085900000, 0x0000000085a00000, 0x0000000085a00000|100%| O|  |TAMS 0x0000000085a00000, 0x0000000085900000| Untracked 
|  90|0x0000000085a00000, 0x0000000085b00000, 0x0000000085b00000|100%| O|  |TAMS 0x0000000085b00000, 0x0000000085a00000| Untracked 
|  91|0x0000000085b00000, 0x0000000085c00000, 0x0000000085c00000|100%| O|  |TAMS 0x0000000085c00000, 0x0000000085b00000| Untracked 
|  92|0x0000000085c00000, 0x0000000085d00000, 0x0000000085d00000|100%| O|  |TAMS 0x0000000085d00000, 0x0000000085c00000| Untracked 
|  93|0x0000000085d00000, 0x0000000085e00000, 0x0000000085e00000|100%| O|  |TAMS 0x0000000085e00000, 0x0000000085d00000| Untracked 
|  94|0x0000000085e00000, 0x0000000085f00000, 0x0000000085f00000|100%| O|  |TAMS 0x0000000085f00000, 0x0000000085e00000| Untracked 
|  95|0x0000000085f00000, 0x0000000086000000, 0x0000000086000000|100%| O|  |TAMS 0x0000000086000000, 0x0000000085f00000| Untracked 
|  96|0x0000000086000000, 0x0000000086100000, 0x0000000086100000|100%| O|  |TAMS 0x0000000086100000, 0x0000000086000000| Untracked 
|  97|0x0000000086100000, 0x0000000086200000, 0x0000000086200000|100%| O|  |TAMS 0x0000000086200000, 0x0000000086100000| Untracked 
|  98|0x0000000086200000, 0x0000000086300000, 0x0000000086300000|100%| O|  |TAMS 0x0000000086300000, 0x0000000086200000| Untracked 
|  99|0x0000000086300000, 0x0000000086400000, 0x0000000086400000|100%| O|  |TAMS 0x0000000086400000, 0x0000000086300000| Untracked 
| 100|0x0000000086400000, 0x0000000086500000, 0x0000000086500000|100%| O|  |TAMS 0x0000000086500000, 0x0000000086400000| Untracked 
| 101|0x0000000086500000, 0x0000000086600000, 0x0000000086600000|100%| O|  |TAMS 0x0000000086600000, 0x0000000086500000| Untracked 
| 102|0x0000000086600000, 0x0000000086700000, 0x0000000086700000|100%| O|  |TAMS 0x0000000086700000, 0x0000000086600000| Untracked 
| 103|0x0000000086700000, 0x0000000086800000, 0x0000000086800000|100%| O|  |TAMS 0x0000000086800000, 0x0000000086700000| Untracked 
| 104|0x0000000086800000, 0x0000000086900000, 0x0000000086900000|100%| O|  |TAMS 0x0000000086900000, 0x0000000086800000| Untracked 
| 105|0x0000000086900000, 0x0000000086a00000, 0x0000000086a00000|100%| O|  |TAMS 0x0000000086a00000, 0x0000000086900000| Untracked 
| 106|0x0000000086a00000, 0x0000000086b00000, 0x0000000086b00000|100%| O|  |TAMS 0x0000000086b00000, 0x0000000086a00000| Untracked 
| 107|0x0000000086b00000, 0x0000000086c00000, 0x0000000086c00000|100%| O|  |TAMS 0x0000000086c00000, 0x0000000086b00000| Untracked 
| 108|0x0000000086c00000, 0x0000000086d00000, 0x0000000086d00000|100%| O|  |TAMS 0x0000000086d00000, 0x0000000086c00000| Untracked 
| 109|0x0000000086d00000, 0x0000000086e00000, 0x0000000086e00000|100%| O|  |TAMS 0x0000000086e00000, 0x0000000086d00000| Untracked 
| 110|0x0000000086e00000, 0x0000000086f00000, 0x0000000086f00000|100%| O|  |TAMS 0x0000000086f00000, 0x0000000086e00000| Untracked 
| 111|0x0000000086f00000, 0x0000000087000000, 0x0000000087000000|100%| O|  |TAMS 0x0000000087000000, 0x0000000086f00000| Untracked 
| 112|0x0000000087000000, 0x0000000087100000, 0x0000000087100000|100%| O|  |TAMS 0x0000000087100000, 0x0000000087000000| Untracked 
| 113|0x0000000087100000, 0x0000000087200000, 0x0000000087200000|100%| O|  |TAMS 0x0000000087200000, 0x0000000087100000| Untracked 
| 114|0x0000000087200000, 0x0000000087200000, 0x0000000087300000|  0%| F|  |TAMS 0x0000000087200000, 0x0000000087200000| Untracked 
| 115|0x0000000087300000, 0x0000000087400000, 0x0000000087400000|100%| O|  |TAMS 0x0000000087300000, 0x0000000087300000| Untracked 
| 116|0x0000000087400000, 0x0000000087500000, 0x0000000087500000|100%| O|  |TAMS 0x0000000087400000, 0x0000000087400000| Untracked 
| 117|0x0000000087500000, 0x0000000087600000, 0x0000000087600000|100%| O|  |TAMS 0x0000000087500000, 0x0000000087500000| Untracked 
| 118|0x0000000087600000, 0x0000000087700000, 0x0000000087700000|100%| O|  |TAMS 0x0000000087600000, 0x0000000087600000| Untracked 
| 119|0x0000000087700000, 0x0000000087800000, 0x0000000087800000|100%| O|  |TAMS 0x0000000087700000, 0x0000000087700000| Untracked 
| 120|0x0000000087800000, 0x0000000087900000, 0x0000000087900000|100%| O|  |TAMS 0x0000000087800000, 0x0000000087800000| Untracked 
| 121|0x0000000087900000, 0x0000000087a00000, 0x0000000087a00000|100%| O|  |TAMS 0x0000000087900000, 0x0000000087900000| Untracked 
| 122|0x0000000087a00000, 0x0000000087b00000, 0x0000000087b00000|100%| O|  |TAMS 0x0000000087a00000, 0x0000000087a00000| Untracked 
| 123|0x0000000087b00000, 0x0000000087c00000, 0x0000000087c00000|100%| O|  |TAMS 0x0000000087b00000, 0x0000000087b00000| Untracked 
| 124|0x0000000087c00000, 0x0000000087d00000, 0x0000000087d00000|100%| O|  |TAMS 0x0000000087c00000, 0x0000000087c00000| Untracked 
| 125|0x0000000087d00000, 0x0000000087e00000, 0x0000000087e00000|100%| O|  |TAMS 0x0000000087d00000, 0x0000000087d00000| Untracked 
| 126|0x0000000087e00000, 0x0000000087f00000, 0x0000000087f00000|100%| O|  |TAMS 0x0000000087e00000, 0x0000000087e00000| Untracked 
| 127|0x0000000087f00000, 0x0000000088000000, 0x0000000088000000|100%| O|  |TAMS 0x0000000087f00000, 0x0000000087f00000| Untracked 
| 128|0x0000000088000000, 0x00000000880e6c00, 0x0000000088100000| 90%| O|  |TAMS 0x0000000088000000, 0x0000000088000000| Untracked 
| 129|0x0000000088100000, 0x0000000088100000, 0x0000000088200000|  0%| F|  |TAMS 0x0000000088100000, 0x0000000088100000| Untracked 
| 130|0x0000000088200000, 0x0000000088200000, 0x0000000088300000|  0%| F|  |TAMS 0x0000000088200000, 0x0000000088200000| Untracked 
| 131|0x0000000088300000, 0x0000000088300000, 0x0000000088400000|  0%| F|  |TAMS 0x0000000088300000, 0x0000000088300000| Untracked 
| 132|0x0000000088400000, 0x0000000088400000, 0x0000000088500000|  0%| F|  |TAMS 0x0000000088400000, 0x0000000088400000| Untracked 
| 133|0x0000000088500000, 0x0000000088500000, 0x0000000088600000|  0%| F|  |TAMS 0x0000000088500000, 0x0000000088500000| Untracked 
| 134|0x0000000088600000, 0x0000000088600000, 0x0000000088700000|  0%| F|  |TAMS 0x0000000088600000, 0x0000000088600000| Untracked 
| 135|0x0000000088700000, 0x0000000088700000, 0x0000000088800000|  0%| F|  |TAMS 0x0000000088700000, 0x0000000088700000| Untracked 
| 136|0x0000000088800000, 0x0000000088800000, 0x0000000088900000|  0%| F|  |TAMS 0x0000000088800000, 0x0000000088800000| Untracked 
| 137|0x0000000088900000, 0x0000000088900000, 0x0000000088a00000|  0%| F|  |TAMS 0x0000000088900000, 0x0000000088900000| Untracked 
| 138|0x0000000088a00000, 0x0000000088a00000, 0x0000000088b00000|  0%| F|  |TAMS 0x0000000088a00000, 0x0000000088a00000| Untracked 
| 139|0x0000000088b00000, 0x0000000088b00000, 0x0000000088c00000|  0%| F|  |TAMS 0x0000000088b00000, 0x0000000088b00000| Untracked 
| 140|0x0000000088c00000, 0x0000000088c00000, 0x0000000088d00000|  0%| F|  |TAMS 0x0000000088c00000, 0x0000000088c00000| Untracked 
| 141|0x0000000088d00000, 0x0000000088d00000, 0x0000000088e00000|  0%| F|  |TAMS 0x0000000088d00000, 0x0000000088d00000| Untracked 
| 142|0x0000000088e00000, 0x0000000088e00000, 0x0000000088f00000|  0%| F|  |TAMS 0x0000000088e00000, 0x0000000088e00000| Untracked 
| 143|0x0000000088f00000, 0x0000000088f00000, 0x0000000089000000|  0%| F|  |TAMS 0x0000000088f00000, 0x0000000088f00000| Untracked 
| 144|0x0000000089000000, 0x0000000089000000, 0x0000000089100000|  0%| F|  |TAMS 0x0000000089000000, 0x0000000089000000| Untracked 
| 145|0x0000000089100000, 0x0000000089100000, 0x0000000089200000|  0%| F|  |TAMS 0x0000000089100000, 0x0000000089100000| Untracked 
| 146|0x0000000089200000, 0x0000000089200000, 0x0000000089300000|  0%| F|  |TAMS 0x0000000089200000, 0x0000000089200000| Untracked 
| 147|0x0000000089300000, 0x0000000089300000, 0x0000000089400000|  0%| F|  |TAMS 0x0000000089300000, 0x0000000089300000| Untracked 
| 148|0x0000000089400000, 0x0000000089400000, 0x0000000089500000|  0%| F|  |TAMS 0x0000000089400000, 0x0000000089400000| Untracked 
| 149|0x0000000089500000, 0x0000000089500000, 0x0000000089600000|  0%| F|  |TAMS 0x0000000089500000, 0x0000000089500000| Untracked 
| 150|0x0000000089600000, 0x0000000089600000, 0x0000000089700000|  0%| F|  |TAMS 0x0000000089600000, 0x0000000089600000| Untracked 
| 151|0x0000000089700000, 0x0000000089700000, 0x0000000089800000|  0%| F|  |TAMS 0x0000000089700000, 0x0000000089700000| Untracked 
| 152|0x0000000089800000, 0x0000000089800000, 0x0000000089900000|  0%| F|  |TAMS 0x0000000089800000, 0x0000000089800000| Untracked 
| 153|0x0000000089900000, 0x0000000089900000, 0x0000000089a00000|  0%| F|  |TAMS 0x0000000089900000, 0x0000000089900000| Untracked 
| 154|0x0000000089a00000, 0x0000000089a00000, 0x0000000089b00000|  0%| F|  |TAMS 0x0000000089a00000, 0x0000000089a00000| Untracked 
| 155|0x0000000089b00000, 0x0000000089b00000, 0x0000000089c00000|  0%| F|  |TAMS 0x0000000089b00000, 0x0000000089b00000| Untracked 
| 156|0x0000000089c00000, 0x0000000089c00000, 0x0000000089d00000|  0%| F|  |TAMS 0x0000000089c00000, 0x0000000089c00000| Untracked 
| 157|0x0000000089d00000, 0x0000000089d00000, 0x0000000089e00000|  0%| F|  |TAMS 0x0000000089d00000, 0x0000000089d00000| Untracked 
| 158|0x0000000089e00000, 0x0000000089e00000, 0x0000000089f00000|  0%| F|  |TAMS 0x0000000089e00000, 0x0000000089e00000| Untracked 
| 159|0x0000000089f00000, 0x0000000089f00000, 0x000000008a000000|  0%| F|  |TAMS 0x0000000089f00000, 0x0000000089f00000| Untracked 
| 160|0x000000008a000000, 0x000000008a000000, 0x000000008a100000|  0%| F|  |TAMS 0x000000008a000000, 0x000000008a000000| Untracked 
| 161|0x000000008a100000, 0x000000008a100000, 0x000000008a200000|  0%| F|  |TAMS 0x000000008a100000, 0x000000008a100000| Untracked 
| 162|0x000000008a200000, 0x000000008a200000, 0x000000008a300000|  0%| F|  |TAMS 0x000000008a200000, 0x000000008a200000| Untracked 
| 163|0x000000008a300000, 0x000000008a300000, 0x000000008a400000|  0%| F|  |TAMS 0x000000008a300000, 0x000000008a300000| Untracked 
| 164|0x000000008a400000, 0x000000008a400000, 0x000000008a500000|  0%| F|  |TAMS 0x000000008a400000, 0x000000008a400000| Untracked 
| 165|0x000000008a500000, 0x000000008a500000, 0x000000008a600000|  0%| F|  |TAMS 0x000000008a500000, 0x000000008a500000| Untracked 
| 166|0x000000008a600000, 0x000000008a600000, 0x000000008a700000|  0%| F|  |TAMS 0x000000008a600000, 0x000000008a600000| Untracked 
| 167|0x000000008a700000, 0x000000008a700000, 0x000000008a800000|  0%| F|  |TAMS 0x000000008a700000, 0x000000008a700000| Untracked 
| 168|0x000000008a800000, 0x000000008a800000, 0x000000008a900000|  0%| F|  |TAMS 0x000000008a800000, 0x000000008a800000| Untracked 
| 169|0x000000008a900000, 0x000000008a900000, 0x000000008aa00000|  0%| F|  |TAMS 0x000000008a900000, 0x000000008a900000| Untracked 
| 170|0x000000008aa00000, 0x000000008aa00000, 0x000000008ab00000|  0%| F|  |TAMS 0x000000008aa00000, 0x000000008aa00000| Untracked 
| 171|0x000000008ab00000, 0x000000008ab00000, 0x000000008ac00000|  0%| F|  |TAMS 0x000000008ab00000, 0x000000008ab00000| Untracked 
| 172|0x000000008ac00000, 0x000000008ac00000, 0x000000008ad00000|  0%| F|  |TAMS 0x000000008ac00000, 0x000000008ac00000| Untracked 
| 173|0x000000008ad00000, 0x000000008ad00000, 0x000000008ae00000|  0%| F|  |TAMS 0x000000008ad00000, 0x000000008ad00000| Untracked 
| 174|0x000000008ae00000, 0x000000008ae00000, 0x000000008af00000|  0%| F|  |TAMS 0x000000008ae00000, 0x000000008ae00000| Untracked 
| 175|0x000000008af00000, 0x000000008af00000, 0x000000008b000000|  0%| F|  |TAMS 0x000000008af00000, 0x000000008af00000| Untracked 
| 176|0x000000008b000000, 0x000000008b000000, 0x000000008b100000|  0%| F|  |TAMS 0x000000008b000000, 0x000000008b000000| Untracked 
| 177|0x000000008b100000, 0x000000008b100000, 0x000000008b200000|  0%| F|  |TAMS 0x000000008b100000, 0x000000008b100000| Untracked 
| 178|0x000000008b200000, 0x000000008b200000, 0x000000008b300000|  0%| F|  |TAMS 0x000000008b200000, 0x000000008b200000| Untracked 
| 179|0x000000008b300000, 0x000000008b300000, 0x000000008b400000|  0%| F|  |TAMS 0x000000008b300000, 0x000000008b300000| Untracked 
| 180|0x000000008b400000, 0x000000008b400000, 0x000000008b500000|  0%| F|  |TAMS 0x000000008b400000, 0x000000008b400000| Untracked 
| 181|0x000000008b500000, 0x000000008b500000, 0x000000008b600000|  0%| F|  |TAMS 0x000000008b500000, 0x000000008b500000| Untracked 
| 182|0x000000008b600000, 0x000000008b600000, 0x000000008b700000|  0%| F|  |TAMS 0x000000008b600000, 0x000000008b600000| Untracked 
| 183|0x000000008b700000, 0x000000008b700000, 0x000000008b800000|  0%| F|  |TAMS 0x000000008b700000, 0x000000008b700000| Untracked 
| 184|0x000000008b800000, 0x000000008b800000, 0x000000008b900000|  0%| F|  |TAMS 0x000000008b800000, 0x000000008b800000| Untracked 
| 185|0x000000008b900000, 0x000000008b900000, 0x000000008ba00000|  0%| F|  |TAMS 0x000000008b900000, 0x000000008b900000| Untracked 
| 186|0x000000008ba00000, 0x000000008ba00000, 0x000000008bb00000|  0%| F|  |TAMS 0x000000008ba00000, 0x000000008ba00000| Untracked 
| 187|0x000000008bb00000, 0x000000008bb00000, 0x000000008bc00000|  0%| F|  |TAMS 0x000000008bb00000, 0x000000008bb00000| Untracked 
| 188|0x000000008bc00000, 0x000000008bc00000, 0x000000008bd00000|  0%| F|  |TAMS 0x000000008bc00000, 0x000000008bc00000| Untracked 
| 189|0x000000008bd00000, 0x000000008bd00000, 0x000000008be00000|  0%| F|  |TAMS 0x000000008bd00000, 0x000000008bd00000| Untracked 
| 190|0x000000008be00000, 0x000000008be00000, 0x000000008bf00000|  0%| F|  |TAMS 0x000000008be00000, 0x000000008be00000| Untracked 
| 191|0x000000008bf00000, 0x000000008bf00000, 0x000000008c000000|  0%| F|  |TAMS 0x000000008bf00000, 0x000000008bf00000| Untracked 
| 192|0x000000008c000000, 0x000000008c000000, 0x000000008c100000|  0%| F|  |TAMS 0x000000008c000000, 0x000000008c000000| Untracked 
| 193|0x000000008c100000, 0x000000008c100000, 0x000000008c200000|  0%| F|  |TAMS 0x000000008c100000, 0x000000008c100000| Untracked 
| 194|0x000000008c200000, 0x000000008c200000, 0x000000008c300000|  0%| F|  |TAMS 0x000000008c200000, 0x000000008c200000| Untracked 
| 195|0x000000008c300000, 0x000000008c300000, 0x000000008c400000|  0%| F|  |TAMS 0x000000008c300000, 0x000000008c300000| Untracked 
| 196|0x000000008c400000, 0x000000008c400000, 0x000000008c500000|  0%| F|  |TAMS 0x000000008c400000, 0x000000008c400000| Untracked 
| 197|0x000000008c500000, 0x000000008c500000, 0x000000008c600000|  0%| F|  |TAMS 0x000000008c500000, 0x000000008c500000| Untracked 
| 198|0x000000008c600000, 0x000000008c600000, 0x000000008c700000|  0%| F|  |TAMS 0x000000008c600000, 0x000000008c600000| Untracked 
| 199|0x000000008c700000, 0x000000008c700000, 0x000000008c800000|  0%| F|  |TAMS 0x000000008c700000, 0x000000008c700000| Untracked 
| 200|0x000000008c800000, 0x000000008c800000, 0x000000008c900000|  0%| F|  |TAMS 0x000000008c800000, 0x000000008c800000| Untracked 
| 201|0x000000008c900000, 0x000000008c900000, 0x000000008ca00000|  0%| F|  |TAMS 0x000000008c900000, 0x000000008c900000| Untracked 
| 202|0x000000008ca00000, 0x000000008ca00000, 0x000000008cb00000|  0%| F|  |TAMS 0x000000008ca00000, 0x000000008ca00000| Untracked 
| 203|0x000000008cb00000, 0x000000008cb00000, 0x000000008cc00000|  0%| F|  |TAMS 0x000000008cb00000, 0x000000008cb00000| Untracked 
| 204|0x000000008cc00000, 0x000000008cc00000, 0x000000008cd00000|  0%| F|  |TAMS 0x000000008cc00000, 0x000000008cc00000| Untracked 
| 205|0x000000008cd00000, 0x000000008cd00000, 0x000000008ce00000|  0%| F|  |TAMS 0x000000008cd00000, 0x000000008cd00000| Untracked 
| 206|0x000000008ce00000, 0x000000008ce00000, 0x000000008cf00000|  0%| F|  |TAMS 0x000000008ce00000, 0x000000008ce00000| Untracked 
| 207|0x000000008cf00000, 0x000000008cf00000, 0x000000008d000000|  0%| F|  |TAMS 0x000000008cf00000, 0x000000008cf00000| Untracked 
| 208|0x000000008d000000, 0x000000008d000000, 0x000000008d100000|  0%| F|  |TAMS 0x000000008d000000, 0x000000008d000000| Untracked 
| 209|0x000000008d100000, 0x000000008d100000, 0x000000008d200000|  0%| F|  |TAMS 0x000000008d100000, 0x000000008d100000| Untracked 
| 210|0x000000008d200000, 0x000000008d212fc8, 0x000000008d300000|  7%| S|CS|TAMS 0x000000008d200000, 0x000000008d200000| Complete 
| 211|0x000000008d300000, 0x000000008d400000, 0x000000008d400000|100%| S|CS|TAMS 0x000000008d300000, 0x000000008d300000| Complete 
| 212|0x000000008d400000, 0x000000008d400000, 0x000000008d500000|  0%| F|  |TAMS 0x000000008d400000, 0x000000008d400000| Untracked 
| 213|0x000000008d500000, 0x000000008d500000, 0x000000008d600000|  0%| F|  |TAMS 0x000000008d500000, 0x000000008d500000| Untracked 
| 214|0x000000008d600000, 0x000000008d600000, 0x000000008d700000|  0%| F|  |TAMS 0x000000008d600000, 0x000000008d600000| Untracked 
| 215|0x000000008d700000, 0x000000008d700000, 0x000000008d800000|  0%| F|  |TAMS 0x000000008d700000, 0x000000008d700000| Untracked 
| 216|0x000000008d800000, 0x000000008d800000, 0x000000008d900000|  0%| F|  |TAMS 0x000000008d800000, 0x000000008d800000| Untracked 
| 217|0x000000008d900000, 0x000000008d900000, 0x000000008da00000|  0%| F|  |TAMS 0x000000008d900000, 0x000000008d900000| Untracked 
| 218|0x000000008da00000, 0x000000008da00000, 0x000000008db00000|  0%| F|  |TAMS 0x000000008da00000, 0x000000008da00000| Untracked 
| 219|0x000000008db00000, 0x000000008db00000, 0x000000008dc00000|  0%| F|  |TAMS 0x000000008db00000, 0x000000008db00000| Untracked 
| 220|0x000000008dc00000, 0x000000008dc00000, 0x000000008dd00000|  0%| F|  |TAMS 0x000000008dc00000, 0x000000008dc00000| Untracked 
| 221|0x000000008dd00000, 0x000000008dd00000, 0x000000008de00000|  0%| F|  |TAMS 0x000000008dd00000, 0x000000008dd00000| Untracked 
| 222|0x000000008de00000, 0x000000008de00000, 0x000000008df00000|  0%| F|  |TAMS 0x000000008de00000, 0x000000008de00000| Untracked 
| 223|0x000000008df00000, 0x000000008df00000, 0x000000008e000000|  0%| F|  |TAMS 0x000000008df00000, 0x000000008df00000| Untracked 
| 224|0x000000008e000000, 0x000000008e000000, 0x000000008e100000|  0%| F|  |TAMS 0x000000008e000000, 0x000000008e000000| Untracked 
| 225|0x000000008e100000, 0x000000008e100000, 0x000000008e200000|  0%| F|  |TAMS 0x000000008e100000, 0x000000008e100000| Untracked 
| 226|0x000000008e200000, 0x000000008e200000, 0x000000008e300000|  0%| F|  |TAMS 0x000000008e200000, 0x000000008e200000| Untracked 
| 227|0x000000008e300000, 0x000000008e300000, 0x000000008e400000|  0%| F|  |TAMS 0x000000008e300000, 0x000000008e300000| Untracked 
| 228|0x000000008e400000, 0x000000008e400000, 0x000000008e500000|  0%| F|  |TAMS 0x000000008e400000, 0x000000008e400000| Untracked 
| 229|0x000000008e500000, 0x000000008e500000, 0x000000008e600000|  0%| F|  |TAMS 0x000000008e500000, 0x000000008e500000| Untracked 
| 230|0x000000008e600000, 0x000000008e600000, 0x000000008e700000|  0%| F|  |TAMS 0x000000008e600000, 0x000000008e600000| Untracked 
| 231|0x000000008e700000, 0x000000008e700000, 0x000000008e800000|  0%| F|  |TAMS 0x000000008e700000, 0x000000008e700000| Untracked 
| 232|0x000000008e800000, 0x000000008e800000, 0x000000008e900000|  0%| F|  |TAMS 0x000000008e800000, 0x000000008e800000| Untracked 
| 233|0x000000008e900000, 0x000000008e900000, 0x000000008ea00000|  0%| F|  |TAMS 0x000000008e900000, 0x000000008e900000| Untracked 
| 234|0x000000008ea00000, 0x000000008ea00000, 0x000000008eb00000|  0%| F|  |TAMS 0x000000008ea00000, 0x000000008ea00000| Untracked 
| 235|0x000000008eb00000, 0x000000008eb00000, 0x000000008ec00000|  0%| F|  |TAMS 0x000000008eb00000, 0x000000008eb00000| Untracked 
| 236|0x000000008ec00000, 0x000000008ec00000, 0x000000008ed00000|  0%| F|  |TAMS 0x000000008ec00000, 0x000000008ec00000| Untracked 
| 237|0x000000008ed00000, 0x000000008ed00000, 0x000000008ee00000|  0%| F|  |TAMS 0x000000008ed00000, 0x000000008ed00000| Untracked 
| 238|0x000000008ee00000, 0x000000008ee00000, 0x000000008ef00000|  0%| F|  |TAMS 0x000000008ee00000, 0x000000008ee00000| Untracked 
| 239|0x000000008ef00000, 0x000000008ef00000, 0x000000008f000000|  0%| F|  |TAMS 0x000000008ef00000, 0x000000008ef00000| Untracked 
| 240|0x000000008f000000, 0x000000008f000000, 0x000000008f100000|  0%| F|  |TAMS 0x000000008f000000, 0x000000008f000000| Untracked 
| 241|0x000000008f100000, 0x000000008f100000, 0x000000008f200000|  0%| F|  |TAMS 0x000000008f100000, 0x000000008f100000| Untracked 
| 242|0x000000008f200000, 0x000000008f200000, 0x000000008f300000|  0%| F|  |TAMS 0x000000008f200000, 0x000000008f200000| Untracked 
| 243|0x000000008f300000, 0x000000008f300000, 0x000000008f400000|  0%| F|  |TAMS 0x000000008f300000, 0x000000008f300000| Untracked 
| 244|0x000000008f400000, 0x000000008f400000, 0x000000008f500000|  0%| F|  |TAMS 0x000000008f400000, 0x000000008f400000| Untracked 
| 245|0x000000008f500000, 0x000000008f500000, 0x000000008f600000|  0%| F|  |TAMS 0x000000008f500000, 0x000000008f500000| Untracked 
| 246|0x000000008f600000, 0x000000008f600000, 0x000000008f700000|  0%| F|  |TAMS 0x000000008f600000, 0x000000008f600000| Untracked 
| 247|0x000000008f700000, 0x000000008f700000, 0x000000008f800000|  0%| F|  |TAMS 0x000000008f700000, 0x000000008f700000| Untracked 
| 248|0x000000008f800000, 0x000000008f800000, 0x000000008f900000|  0%| F|  |TAMS 0x000000008f800000, 0x000000008f800000| Untracked 
| 249|0x000000008f900000, 0x000000008f900000, 0x000000008fa00000|  0%| F|  |TAMS 0x000000008f900000, 0x000000008f900000| Untracked 
| 250|0x000000008fa00000, 0x000000008fa00000, 0x000000008fb00000|  0%| F|  |TAMS 0x000000008fa00000, 0x000000008fa00000| Untracked 
| 251|0x000000008fb00000, 0x000000008fb00000, 0x000000008fc00000|  0%| F|  |TAMS 0x000000008fb00000, 0x000000008fb00000| Untracked 
|2041|0x00000000ff900000, 0x00000000ffa00000, 0x00000000ffa00000|100%| O|  |TAMS 0x00000000ffa00000, 0x00000000ff900000| Untracked 
|2042|0x00000000ffa00000, 0x00000000ffb00000, 0x00000000ffb00000|100%| O|  |TAMS 0x00000000ffb00000, 0x00000000ffa00000| Untracked 
|2043|0x00000000ffb00000, 0x00000000ffc00000, 0x00000000ffc00000|100%| O|  |TAMS 0x00000000ffc00000, 0x00000000ffb00000| Untracked 
|2044|0x00000000ffc00000, 0x00000000ffd00000, 0x00000000ffd00000|100%| O|  |TAMS 0x00000000ffd00000, 0x00000000ffc00000| Untracked 
|2045|0x00000000ffd00000, 0x00000000ffe00000, 0x00000000ffe00000|100%| O|  |TAMS 0x00000000ffe00000, 0x00000000ffd00000| Untracked 
|2046|0x00000000ffe00000, 0x00000000fff00000, 0x00000000fff00000|100%| O|  |TAMS 0x00000000fff00000, 0x00000000ffe00000| Untracked 
|2047|0x00000000fff00000, 0x0000000100000000, 0x0000000100000000|100%| O|  |TAMS 0x0000000100000000, 0x00000000fff00000| Untracked 

Card table byte_map: [0x000002199af10000,0x000002199b310000] _byte_map_base: 0x000002199ab10000

Marking Bits (Prev, Next): (CMBitMap*) 0x0000021983286180, (CMBitMap*) 0x0000021983286140
 Prev Bits: [0x000002199d710000, 0x000002199f710000)
 Next Bits: [0x000002199b710000, 0x000002199d710000)

Polling page: 0x0000021981840000

Metaspace:

Usage:
  Non-class:     94.16 MB used.
      Class:     13.94 MB used.
       Both:    108.10 MB used.

Virtual space:
  Non-class space:       96.00 MB reserved,      94.56 MB ( 99%) committed,  12 nodes.
      Class space:        1.00 GB reserved,      14.25 MB (  1%) committed,  1 nodes.
             Both:        1.09 GB reserved,     108.81 MB ( 10%) committed. 

Chunk freelists:
   Non-Class:  694.00 KB
       Class:  1.79 MB
        Both:  2.47 MB

MaxMetaspaceSize: unlimited
CompressedClassSpaceSize: 1.00 GB
Initial GC threshold: 21.00 MB
Current GC threshold: 181.19 MB
CDS: on
MetaspaceReclaimPolicy: balanced
 - commit_granule_bytes: 65536.
 - commit_granule_words: 8192.
 - virtual_space_node_default_size: 1048576.
 - enlarge_chunks_in_place: 1.
 - new_chunks_are_fully_committed: 0.
 - uncommit_free_chunks: 1.
 - use_allocation_guard: 0.
 - handle_deallocations: 1.


Internal statistics:

num_allocs_failed_limit: 9.
num_arena_births: 918.
num_arena_deaths: 0.
num_vsnodes_births: 13.
num_vsnodes_deaths: 0.
num_space_committed: 1739.
num_space_uncommitted: 0.
num_chunks_returned_to_freelist: 9.
num_chunks_taken_from_freelist: 5019.
num_chunk_merges: 9.
num_chunk_splits: 3803.
num_chunks_enlarged: 3101.
num_purges: 0.
num_inconsistent_stats: 0.

CodeHeap 'non-profiled nmethods': size=119168Kb used=6594Kb max_used=6965Kb free=112573Kb
 bounds [0x00000219926f0000, 0x0000021992dc0000, 0x0000021999b50000]
CodeHeap 'profiled nmethods': size=119104Kb used=24182Kb max_used=25873Kb free=94921Kb
 bounds [0x000002198ab50000, 0x000002198c4a0000, 0x0000021991fa0000]
CodeHeap 'non-nmethods': size=7488Kb used=3534Kb max_used=3626Kb free=3953Kb
 bounds [0x0000021991fa0000, 0x0000021992340000, 0x00000219926f0000]
 total_blobs=12619 nmethods=11651 adapters=876
 compilation: enabled
              stopped_count=0, restarted_count=0
 full_count=0

Compilation events (20 events):
Event: 19.518 Thread 0x00000219a28c7780 nmethod 13646 0x000002198b4f9290 code [0x000002198b4f9560, 0x000002198b4fa5b8]
Event: 19.518 Thread 0x00000219a28c7780 13642       3       org.jetbrains.kotlin.load.java.typeEnhancement.AbstractSignatureParts::mostSpecific (84 bytes)
Event: 19.519 Thread 0x00000219a28065f0 nmethod 13641 0x000002198ada4810 code [0x000002198ada4a00, 0x000002198ada4f78]
Event: 19.519 Thread 0x00000219a28065f0 13644       3       org.jetbrains.kotlin.types.TypeUtils::makeUnsubstitutedType (48 bytes)
Event: 19.520 Thread 0x00000219a28c7780 nmethod 13642 0x000002198b060a10 code [0x000002198b060c20, 0x000002198b061178]
Event: 19.520 Thread 0x00000219a28c7780 13645       3       org.jetbrains.kotlin.types.TypeUtils::makeUnsubstitutedType (61 bytes)
Event: 19.521 Thread 0x00000219a28065f0 nmethod 13644 0x000002198ac77c10 code [0x000002198ac77e20, 0x000002198ac78458]
Event: 19.521 Thread 0x00000219a28065f0 13648       3       org.jetbrains.kotlin.it.unimi.dsi.fastutil.objects.AbstractObjectCollection::<init> (5 bytes)
Event: 19.522 Thread 0x00000219a28c7780 nmethod 13645 0x000002198af15390 code [0x000002198af155a0, 0x000002198af15a68]
Event: 19.522 Thread 0x00000219a28065f0 nmethod 13648 0x000002198c331990 code [0x000002198c331b40, 0x000002198c331cf8]
Event: 19.524 Thread 0x00000219a28c6f80 nmethod 13643 0x000002198b3f2e90 code [0x000002198b3f34c0, 0x000002198b3f7538]
Event: 19.530 Thread 0x00000219a291ad00 nmethod 13637 0x000002198b6f5f10 code [0x000002198b6f67a0, 0x000002198b6fbef8]
Event: 19.534 Thread 0x00000219ac270670 nmethod 13649 0x0000021992aca890 code [0x0000021992acaa20, 0x0000021992acac68]
Event: 19.534 Thread 0x00000219ac270670 13652       4       kotlin.collections.ArraysKt___ArraysKt::map (82 bytes)
Event: 19.544 Thread 0x00000219ac2715a0 nmethod 13578 0x0000021992a66010 code [0x0000021992a662a0, 0x0000021992a66de8]
Event: 19.547 Thread 0x00000219ac2715a0 13655       4       org.jetbrains.kotlin.resolve.QualifiedExpressionResolver::quickResolveToPackage (331 bytes)
Event: 19.577 Thread 0x00000219a28c6f80 13663       3       org.jetbrains.kotlin.com.intellij.util.io.UnsyncByteArrayInputStream::read (36 bytes)
Event: 19.578 Thread 0x00000219a28c7780 13664       3       org.jetbrains.kotlin.serialization.deserialization.DeserializedPackageFragmentImpl::getMemberScope (16 bytes)
Event: 19.578 Thread 0x00000219a28c6f80 nmethod 13663 0x000002198af8e610 code [0x000002198af8e7c0, 0x000002198af8e978]
Event: 19.580 Thread 0x00000219a28c7780 nmethod 13664 0x000002198b324d90 code [0x000002198b325000, 0x000002198b3258b8]

GC Heap History (20 events):
Event: 9.626 GC heap after
{Heap after GC invocations=26 (full 0):
 garbage-first heap   total 221184K, used 69889K [0x0000000080000000, 0x0000000100000000)
  region size 1024K, 1 young (1024K), 1 survivors (1024K)
 Metaspace       used 83740K, committed 84352K, reserved 1122304K
  class space    used 11488K, committed 11776K, reserved 1048576K
}
Event: 11.247 GC heap before
{Heap before GC invocations=26 (full 0):
 garbage-first heap   total 221184K, used 168193K [0x0000000080000000, 0x0000000100000000)
  region size 1024K, 97 young (99328K), 1 survivors (1024K)
 Metaspace       used 92183K, committed 92864K, reserved 1130496K
  class space    used 12380K, committed 12736K, reserved 1048576K
}
Event: 11.255 GC heap after
{Heap after GC invocations=27 (full 0):
 garbage-first heap   total 221184K, used 75961K [0x0000000080000000, 0x0000000100000000)
  region size 1024K, 7 young (7168K), 7 survivors (7168K)
 Metaspace       used 92183K, committed 92864K, reserved 1130496K
  class space    used 12380K, committed 12736K, reserved 1048576K
}
Event: 13.328 GC heap before
{Heap before GC invocations=27 (full 0):
 garbage-first heap   total 221184K, used 170169K [0x0000000080000000, 0x0000000100000000)
  region size 1024K, 100 young (102400K), 7 survivors (7168K)
 Metaspace       used 105917K, committed 106624K, reserved 1146880K
  class space    used 13835K, committed 14144K, reserved 1048576K
}
Event: 13.338 GC heap after
{Heap after GC invocations=28 (full 0):
 garbage-first heap   total 221184K, used 79041K [0x0000000080000000, 0x0000000100000000)
  region size 1024K, 10 young (10240K), 10 survivors (10240K)
 Metaspace       used 105917K, committed 106624K, reserved 1146880K
  class space    used 13835K, committed 14144K, reserved 1048576K
}
Event: 15.120 GC heap before
{Heap before GC invocations=28 (full 0):
 garbage-first heap   total 221184K, used 173249K [0x0000000080000000, 0x0000000100000000)
  region size 1024K, 103 young (105472K), 10 survivors (10240K)
 Metaspace       used 108660K, committed 109376K, reserved 1146880K
  class space    used 14136K, committed 14464K, reserved 1048576K
}
Event: 15.131 GC heap after
{Heap after GC invocations=29 (full 0):
 garbage-first heap   total 221184K, used 87427K [0x0000000080000000, 0x0000000100000000)
  region size 1024K, 12 young (12288K), 12 survivors (12288K)
 Metaspace       used 108660K, committed 109376K, reserved 1146880K
  class space    used 14136K, committed 14464K, reserved 1048576K
}
Event: 16.369 GC heap before
{Heap before GC invocations=29 (full 0):
 garbage-first heap   total 221184K, used 185731K [0x0000000080000000, 0x0000000100000000)
  region size 1024K, 98 young (100352K), 12 survivors (12288K)
 Metaspace       used 109066K, committed 109696K, reserved 1146880K
  class space    used 14187K, committed 14464K, reserved 1048576K
}
Event: 16.378 GC heap after
{Heap after GC invocations=30 (full 0):
 garbage-first heap   total 221184K, used 90616K [0x0000000080000000, 0x0000000100000000)
  region size 1024K, 5 young (5120K), 5 survivors (5120K)
 Metaspace       used 109066K, committed 109696K, reserved 1146880K
  class space    used 14187K, committed 14464K, reserved 1048576K
}
Event: 16.942 GC heap before
{Heap before GC invocations=30 (full 0):
 garbage-first heap   total 221184K, used 172536K [0x0000000080000000, 0x0000000100000000)
  region size 1024K, 73 young (74752K), 5 survivors (5120K)
 Metaspace       used 109143K, committed 109760K, reserved 1146880K
  class space    used 14187K, committed 14464K, reserved 1048576K
}
Event: 16.957 GC heap after
{Heap after GC invocations=31 (full 0):
 garbage-first heap   total 221184K, used 112168K [0x0000000080000000, 0x0000000100000000)
  region size 1024K, 12 young (12288K), 12 survivors (12288K)
 Metaspace       used 109143K, committed 109760K, reserved 1146880K
  class space    used 14187K, committed 14464K, reserved 1048576K
}
Event: 17.552 GC heap before
{Heap before GC invocations=32 (full 0):
 garbage-first heap   total 221184K, used 177704K [0x0000000080000000, 0x0000000100000000)
  region size 1024K, 71 young (72704K), 12 survivors (12288K)
 Metaspace       used 109325K, committed 110016K, reserved 1146880K
  class space    used 14200K, committed 14528K, reserved 1048576K
}
Event: 17.562 GC heap after
{Heap after GC invocations=33 (full 0):
 garbage-first heap   total 221184K, used 123886K [0x0000000080000000, 0x0000000100000000)
  region size 1024K, 9 young (9216K), 9 survivors (9216K)
 Metaspace       used 109325K, committed 110016K, reserved 1146880K
  class space    used 14200K, committed 14528K, reserved 1048576K
}
Event: 17.564 GC heap before
{Heap before GC invocations=33 (full 0):
 garbage-first heap   total 221184K, used 124910K [0x0000000080000000, 0x0000000100000000)
  region size 1024K, 10 young (10240K), 9 survivors (9216K)
 Metaspace       used 109328K, committed 110016K, reserved 1146880K
  class space    used 14200K, committed 14528K, reserved 1048576K
}
Event: 17.568 GC heap after
{Heap after GC invocations=34 (full 0):
 garbage-first heap   total 221184K, used 120600K [0x0000000080000000, 0x0000000100000000)
  region size 1024K, 1 young (1024K), 1 survivors (1024K)
 Metaspace       used 109328K, committed 110016K, reserved 1146880K
  class space    used 14200K, committed 14528K, reserved 1048576K
}
Event: 19.231 GC heap before
{Heap before GC invocations=34 (full 0):
 garbage-first heap   total 221184K, used 179992K [0x0000000080000000, 0x0000000100000000)
  region size 1024K, 55 young (56320K), 1 survivors (1024K)
 Metaspace       used 110585K, committed 111296K, reserved 1146880K
  class space    used 14272K, committed 14592K, reserved 1048576K
}
Event: 19.239 GC heap after
{Heap after GC invocations=35 (full 0):
 garbage-first heap   total 221184K, used 131469K [0x0000000080000000, 0x0000000100000000)
  region size 1024K, 7 young (7168K), 7 survivors (7168K)
 Metaspace       used 110585K, committed 111296K, reserved 1146880K
  class space    used 14272K, committed 14592K, reserved 1048576K
}
Event: 19.581 GC heap before
{Heap before GC invocations=36 (full 0):
 garbage-first heap   total 229376K, used 178573K [0x0000000080000000, 0x0000000100000000)
  region size 1024K, 52 young (53248K), 7 survivors (7168K)
 Metaspace       used 110690K, committed 111424K, reserved 1146880K
  class space    used 14273K, committed 14592K, reserved 1048576K
}
Event: 19.587 GC heap after
{Heap after GC invocations=37 (full 0):
 garbage-first heap   total 229376K, used 137431K [0x0000000080000000, 0x0000000100000000)
  region size 1024K, 6 young (6144K), 6 survivors (6144K)
 Metaspace       used 110690K, committed 111424K, reserved 1146880K
  class space    used 14273K, committed 14592K, reserved 1048576K
}
Event: 19.610 GC heap before
{Heap before GC invocations=37 (full 0):
 garbage-first heap   total 229376K, used 142551K [0x0000000080000000, 0x0000000100000000)
  region size 1024K, 11 young (11264K), 6 survivors (6144K)
 Metaspace       used 110690K, committed 111424K, reserved 1146880K
  class space    used 14273K, committed 14592K, reserved 1048576K
}

Deoptimization events (20 events):
Event: 19.027 Thread 0x00000219a2903ca0 Uncommon trap: trap_request=0xffffff45 fr.pc=0x0000021992a97d14 relative=0x00000000000004d4
Event: 19.027 Thread 0x00000219a2903ca0 Uncommon trap: reason=unstable_if action=reinterpret pc=0x0000021992a97d14 method=java.lang.String.getBytes([BIIBI)V @ 6 c2
Event: 19.027 Thread 0x00000219a2903ca0 DEOPT PACKING pc=0x0000021992a97d14 sp=0x00000029f7ff74b0
Event: 19.027 Thread 0x00000219a2903ca0 DEOPT UNPACKING pc=0x0000021991ff23a3 sp=0x00000029f7ff7308 mode 2
Event: 19.027 Thread 0x00000219a2903ca0 Uncommon trap: trap_request=0xffffff45 fr.pc=0x0000021992a949dc relative=0x000000000000013c
Event: 19.027 Thread 0x00000219a2903ca0 Uncommon trap: reason=unstable_if action=reinterpret pc=0x0000021992a949dc method=java.lang.String.getBytes([BIIBI)V @ 6 c2
Event: 19.027 Thread 0x00000219a2903ca0 DEOPT PACKING pc=0x0000021992a949dc sp=0x00000029f7ff7430
Event: 19.027 Thread 0x00000219a2903ca0 DEOPT UNPACKING pc=0x0000021991ff23a3 sp=0x00000029f7ff72f0 mode 2
Event: 19.027 Thread 0x00000219a2903ca0 Uncommon trap: trap_request=0xffffff45 fr.pc=0x0000021992a63f7c relative=0x00000000000000fc
Event: 19.027 Thread 0x00000219a2903ca0 Uncommon trap: reason=unstable_if action=reinterpret pc=0x0000021992a63f7c method=java.lang.String.getBytes([BIIBI)V @ 6 c2
Event: 19.027 Thread 0x00000219a2903ca0 DEOPT PACKING pc=0x0000021992a63f7c sp=0x00000029f7ff7320
Event: 19.027 Thread 0x00000219a2903ca0 DEOPT UNPACKING pc=0x0000021991ff23a3 sp=0x00000029f7ff72b8 mode 2
Event: 19.028 Thread 0x00000219a2903ca0 Uncommon trap: trap_request=0xffffff45 fr.pc=0x0000021992940a80 relative=0x0000000000000460
Event: 19.028 Thread 0x00000219a2903ca0 Uncommon trap: reason=unstable_if action=reinterpret pc=0x0000021992940a80 method=java.lang.String.substring(II)Ljava/lang/String; @ 31 c2
Event: 19.028 Thread 0x00000219a2903ca0 DEOPT PACKING pc=0x0000021992940a80 sp=0x00000029f7ff7400
Event: 19.028 Thread 0x00000219a2903ca0 DEOPT UNPACKING pc=0x0000021991ff23a3 sp=0x00000029f7ff7360 mode 2
Event: 19.029 Thread 0x00000219a2903ca0 Uncommon trap: trap_request=0xffffff45 fr.pc=0x00000219927cbe70 relative=0x0000000000000530
Event: 19.029 Thread 0x00000219a2903ca0 Uncommon trap: reason=unstable_if action=reinterpret pc=0x00000219927cbe70 method=java.lang.AbstractStringBuilder.appendChars(Ljava/lang/String;II)V @ 11 c2
Event: 19.029 Thread 0x00000219a2903ca0 DEOPT PACKING pc=0x00000219927cbe70 sp=0x00000029f7ff7180
Event: 19.029 Thread 0x00000219a2903ca0 DEOPT UNPACKING pc=0x0000021991ff23a3 sp=0x00000029f7ff7068 mode 2

Classes unloaded (0 events):
No events

Classes redefined (0 events):
No events

Internal exceptions (20 events):
Event: 16.801 Thread 0x00000219a2903ca0 Exception <a 'sun/nio/fs/WindowsException'{0x0000000089759b48}> (0x0000000089759b48) 
thrown [s\open\src\hotspot\share\prims\jni.cpp, line 516]
Event: 16.801 Thread 0x00000219a2903ca0 Exception <a 'sun/nio/fs/WindowsException'{0x000000008975a210}> (0x000000008975a210) 
thrown [s\open\src\hotspot\share\prims\jni.cpp, line 516]
Event: 16.825 Thread 0x00000219a2903ca0 Exception <a 'sun/nio/fs/WindowsException'{0x0000000089784078}> (0x0000000089784078) 
thrown [s\open\src\hotspot\share\prims\jni.cpp, line 516]
Event: 16.826 Thread 0x00000219a2903ca0 Exception <a 'sun/nio/fs/WindowsException'{0x0000000089784740}> (0x0000000089784740) 
thrown [s\open\src\hotspot\share\prims\jni.cpp, line 516]
Event: 17.279 Thread 0x00000219a2903ca0 Exception <a 'java/lang/NoSuchMethodError'{0x000000008bcca820}: 'java.lang.Object java.lang.invoke.DirectMethodHandle$Holder.invokeStatic(java.lang.Object, java.lang.Object, java.lang.Object, java.lang.Object, java.lang.Object, int, java.lang.Object)'> (0x000000008bcca820) 
thrown [s\open\src\hotspot\share\interpreter\linkResolver.cpp, line 759]
Event: 18.420 Thread 0x00000219a2903ca0 Exception <a 'sun/nio/fs/WindowsException'{0x000000008b268a18}> (0x000000008b268a18) 
thrown [s\open\src\hotspot\share\prims\jni.cpp, line 516]
Event: 18.421 Thread 0x00000219a2903ca0 Exception <a 'sun/nio/fs/WindowsException'{0x000000008b26a3a8}> (0x000000008b26a3a8) 
thrown [s\open\src\hotspot\share\prims\jni.cpp, line 516]
Event: 18.424 Thread 0x00000219a2903ca0 Exception <a 'sun/nio/fs/WindowsException'{0x000000008b272dd8}> (0x000000008b272dd8) 
thrown [s\open\src\hotspot\share\prims\jni.cpp, line 516]
Event: 18.427 Thread 0x00000219a2903ca0 Exception <a 'sun/nio/fs/WindowsException'{0x000000008b27bbd0}> (0x000000008b27bbd0) 
thrown [s\open\src\hotspot\share\prims\jni.cpp, line 516]
Event: 18.432 Thread 0x00000219a2903ca0 Exception <a 'sun/nio/fs/WindowsException'{0x000000008b2896c8}> (0x000000008b2896c8) 
thrown [s\open\src\hotspot\share\prims\jni.cpp, line 516]
Event: 18.436 Thread 0x00000219a2903ca0 Exception <a 'sun/nio/fs/WindowsException'{0x000000008b291f98}> (0x000000008b291f98) 
thrown [s\open\src\hotspot\share\prims\jni.cpp, line 516]
Event: 18.443 Thread 0x00000219a2903ca0 Exception <a 'sun/nio/fs/WindowsException'{0x000000008b299348}> (0x000000008b299348) 
thrown [s\open\src\hotspot\share\prims\jni.cpp, line 516]
Event: 18.658 Thread 0x00000219a2903ca0 Exception <a 'java/lang/ClassNotFoundException'{0x000000008aa604d0}: sun/misc/SharedSecrets> (0x000000008aa604d0) 
thrown [s\open\src\hotspot\share\classfile\systemDictionary.cpp, line 256]
Event: 19.044 Thread 0x00000219a2903ca0 Exception <a 'sun/nio/fs/WindowsException'{0x000000008a60ab38}> (0x000000008a60ab38) 
thrown [s\open\src\hotspot\share\prims\jni.cpp, line 516]
Event: 19.044 Thread 0x00000219a2903ca0 Exception <a 'sun/nio/fs/WindowsException'{0x000000008a60c898}> (0x000000008a60c898) 
thrown [s\open\src\hotspot\share\prims\jni.cpp, line 516]
Event: 19.128 Thread 0x00000219a2903ca0 Exception <a 'sun/nio/fs/WindowsException'{0x000000008a2a6818}> (0x000000008a2a6818) 
thrown [s\open\src\hotspot\share\prims\jni.cpp, line 516]
Event: 19.151 Thread 0x00000219a2903ca0 Exception <a 'sun/nio/fs/WindowsException'{0x000000008a2d01b0}> (0x000000008a2d01b0) 
thrown [s\open\src\hotspot\share\prims\jni.cpp, line 516]
Event: 19.152 Thread 0x00000219a2903ca0 Exception <a 'sun/nio/fs/WindowsException'{0x000000008a2d0880}> (0x000000008a2d0880) 
thrown [s\open\src\hotspot\share\prims\jni.cpp, line 516]
Event: 19.152 Thread 0x00000219a2903ca0 Exception <a 'sun/nio/fs/WindowsException'{0x000000008a2d0f20}> (0x000000008a2d0f20) 
thrown [s\open\src\hotspot\share\prims\jni.cpp, line 516]
Event: 19.174 Thread 0x00000219a2903ca0 Exception <a 'sun/nio/fs/WindowsException'{0x000000008a2fa058}> (0x000000008a2fa058) 
thrown [s\open\src\hotspot\share\prims\jni.cpp, line 516]

VM Operations (20 events):
Event: 18.451 Executing VM operation: HandshakeAllThreads done
Event: 18.471 Executing VM operation: ICBufferFull
Event: 18.472 Executing VM operation: ICBufferFull done
Event: 18.475 Executing VM operation: HandshakeAllThreads
Event: 18.475 Executing VM operation: HandshakeAllThreads done
Event: 18.502 Executing VM operation: HandshakeAllThreads
Event: 18.502 Executing VM operation: HandshakeAllThreads done
Event: 18.555 Executing VM operation: HandshakeAllThreads
Event: 18.556 Executing VM operation: HandshakeAllThreads done
Event: 18.693 Executing VM operation: HandshakeAllThreads
Event: 18.693 Executing VM operation: HandshakeAllThreads done
Event: 19.231 Executing VM operation: G1CollectForAllocation
Event: 19.242 Executing VM operation: G1CollectForAllocation done
Event: 19.296 Executing VM operation: G1Concurrent
Event: 19.306 Executing VM operation: G1Concurrent done
Event: 19.341 Executing VM operation: G1Concurrent
Event: 19.342 Executing VM operation: G1Concurrent done
Event: 19.581 Executing VM operation: G1CollectForAllocation
Event: 19.587 Executing VM operation: G1CollectForAllocation done
Event: 19.610 Executing VM operation: G1CollectForAllocation

Events (20 events):
Event: 18.520 Thread 0x00000219a28189c0 flushing nmethod 0x000002198c05ec90
Event: 18.520 Thread 0x00000219a28189c0 flushing nmethod 0x000002198c060090
Event: 18.520 Thread 0x00000219a28189c0 flushing nmethod 0x000002198c073890
Event: 18.520 Thread 0x00000219a28189c0 flushing nmethod 0x000002198c073d10
Event: 18.520 Thread 0x00000219a28189c0 flushing nmethod 0x000002198c096f90
Event: 18.520 Thread 0x00000219a28189c0 flushing nmethod 0x000002198c098310
Event: 18.520 Thread 0x00000219a28189c0 flushing nmethod 0x000002198c098d90
Event: 18.521 Thread 0x00000219a28189c0 flushing nmethod 0x000002198c111a10
Event: 18.521 Thread 0x00000219a28189c0 flushing nmethod 0x000002198c119010
Event: 18.521 Thread 0x00000219a28189c0 flushing nmethod 0x000002198c119890
Event: 18.521 Thread 0x00000219a28189c0 flushing nmethod 0x000002198c11f790
Event: 18.522 Thread 0x00000219a28189c0 flushing nmethod 0x000002198c331990
Event: 18.658 loading class sun/misc/SharedSecrets
Event: 18.658 loading class sun/misc/SharedSecrets done
Event: 18.984 Thread 0x00000219ac2715a0 Thread exited: 0x00000219ac2715a0
Event: 18.996 Thread 0x00000219ac270160 Thread exited: 0x00000219ac270160
Event: 19.176 Thread 0x00000219ac26f740 Thread exited: 0x00000219ac26f740
Event: 19.444 Thread 0x00000219ac2724d0 Thread added: 0x00000219ac2724d0
Event: 19.444 Thread 0x00000219ac2729e0 Thread added: 0x00000219ac2729e0
Event: 19.444 Thread 0x00000219ac2715a0 Thread added: 0x00000219ac2715a0


Dynamic libraries:
0x00007ff7f8580000 - 0x00007ff7f8590000 	C:\Program Files\Java\jdk-17\bin\java.exe
0x00007ffe4d920000 - 0x00007ffe4db80000 	C:\WINDOWS\SYSTEM32\ntdll.dll
0x00007ffe4cf10000 - 0x00007ffe4cfd7000 	C:\WINDOWS\System32\KERNEL32.DLL
0x00007ffe4b090000 - 0x00007ffe4b45a000 	C:\WINDOWS\System32\KERNELBASE.dll
0x00007ffe46b90000 - 0x00007ffe46c2c000 	C:\WINDOWS\SYSTEM32\apphelp.dll
0x00007ffe4af40000 - 0x00007ffe4b08b000 	C:\WINDOWS\System32\ucrtbase.dll
0x00007ffe1a310000 - 0x00007ffe1a328000 	C:\Program Files\Java\jdk-17\bin\jli.dll
0x00007ffe1a330000 - 0x00007ffe1a34b000 	C:\Program Files\Java\jdk-17\bin\VCRUNTIME140.dll
0x00007ffe4cb40000 - 0x00007ffe4cbf2000 	C:\WINDOWS\System32\ADVAPI32.dll
0x00007ffe4ca90000 - 0x00007ffe4cb39000 	C:\WINDOWS\System32\msvcrt.dll
0x00007ffe4ce60000 - 0x00007ffe4cf06000 	C:\WINDOWS\System32\sechost.dll
0x00007ffe4d5a0000 - 0x00007ffe4d6b6000 	C:\WINDOWS\System32\RPCRT4.dll
0x00007ffe4d3a0000 - 0x00007ffe4d56c000 	C:\WINDOWS\System32\USER32.dll
0x00007ffe4af10000 - 0x00007ffe4af37000 	C:\WINDOWS\System32\win32u.dll
0x00007ffe4d570000 - 0x00007ffe4d59a000 	C:\WINDOWS\System32\GDI32.dll
0x00007ffe4ab00000 - 0x00007ffe4ac31000 	C:\WINDOWS\System32\gdi32full.dll
0x00007ffe4b670000 - 0x00007ffe4b713000 	C:\WINDOWS\System32\msvcp_win.dll
0x00007ffe2b4b0000 - 0x00007ffe2b747000 	C:\WINDOWS\WinSxS\amd64_microsoft.windows.common-controls_6595b64144ccf1df_6.0.26100.3624_none_3e086962e3345f24\COMCTL32.dll
0x00007ffe39cb0000 - 0x00007ffe39cbb000 	C:\WINDOWS\SYSTEM32\VERSION.dll
0x00007ffe4d010000 - 0x00007ffe4d03f000 	C:\WINDOWS\System32\IMM32.DLL
0x00007ffe32cd0000 - 0x00007ffe32cdc000 	C:\Program Files\Java\jdk-17\bin\vcruntime140_1.dll
0x00007ffe0ae70000 - 0x00007ffe0aefe000 	C:\Program Files\Java\jdk-17\bin\msvcp140.dll
0x00007ffdf82c0000 - 0x00007ffdf8e97000 	C:\Program Files\Java\jdk-17\bin\server\jvm.dll
0x00007ffe4d6c0000 - 0x00007ffe4d6c8000 	C:\WINDOWS\System32\PSAPI.DLL
0x00007ffe207f0000 - 0x00007ffe207fa000 	C:\WINDOWS\SYSTEM32\WSOCK32.dll
0x00007ffe3f8d0000 - 0x00007ffe3f906000 	C:\WINDOWS\SYSTEM32\WINMM.dll
0x00007ffe4d7e0000 - 0x00007ffe4d854000 	C:\WINDOWS\System32\WS2_32.dll
0x00007ffe49a30000 - 0x00007ffe49a4a000 	C:\WINDOWS\SYSTEM32\kernel.appcore.dll
0x00007ffe1ed50000 - 0x00007ffe1ed5a000 	C:\Program Files\Java\jdk-17\bin\jimage.dll
0x00007ffe479f0000 - 0x00007ffe47c31000 	C:\WINDOWS\SYSTEM32\DBGHELP.DLL
0x00007ffe4b8f0000 - 0x00007ffe4bc72000 	C:\WINDOWS\System32\combase.dll
0x00007ffe4d1d0000 - 0x00007ffe4d2a6000 	C:\WINDOWS\System32\OLEAUT32.dll
0x00007ffe2e810000 - 0x00007ffe2e849000 	C:\WINDOWS\SYSTEM32\dbgcore.DLL
0x00007ffe4b5d0000 - 0x00007ffe4b669000 	C:\WINDOWS\System32\bcryptPrimitives.dll
0x00007ffe19600000 - 0x00007ffe1960e000 	C:\Program Files\Java\jdk-17\bin\instrument.dll
0x00007ffe1a2e0000 - 0x00007ffe1a305000 	C:\Program Files\Java\jdk-17\bin\java.dll
0x00007ffdf81e0000 - 0x00007ffdf82b7000 	C:\Program Files\Java\jdk-17\bin\jsvml.dll
0x00007ffe4bd30000 - 0x00007ffe4c459000 	C:\WINDOWS\System32\SHELL32.dll
0x00007ffe4b460000 - 0x00007ffe4b5c8000 	C:\WINDOWS\System32\wintypes.dll
0x00007ffe487a0000 - 0x00007ffe48ff2000 	C:\WINDOWS\SYSTEM32\windows.storage.dll
0x00007ffe4d2b0000 - 0x00007ffe4d39d000 	C:\WINDOWS\System32\SHCORE.dll
0x00007ffe4d160000 - 0x00007ffe4d1c4000 	C:\WINDOWS\System32\shlwapi.dll
0x00007ffe4aa10000 - 0x00007ffe4aa3f000 	C:\WINDOWS\SYSTEM32\profapi.dll
0x00007ffe15570000 - 0x00007ffe15588000 	C:\Program Files\Java\jdk-17\bin\zip.dll
0x00007ffe1a2c0000 - 0x00007ffe1a2d9000 	C:\Program Files\Java\jdk-17\bin\net.dll
0x00007ffe3e620000 - 0x00007ffe3e73d000 	C:\WINDOWS\SYSTEM32\WINHTTP.dll
0x00007ffe49f50000 - 0x00007ffe49fba000 	C:\WINDOWS\system32\mswsock.dll
0x00007ffe15b70000 - 0x00007ffe15b86000 	C:\Program Files\Java\jdk-17\bin\nio.dll
0x00007ffe1aa00000 - 0x00007ffe1aa10000 	C:\Program Files\Java\jdk-17\bin\verify.dll
0x00007ffe388b0000 - 0x00007ffe388d7000 	C:\Users\jinny\.gradle\native\c067742578af261105cb4f569cf0c3c89f3d7b1fecec35dd04571415982c5e48\windows-amd64\native-platform.dll
0x00007ffdf7ec0000 - 0x00007ffdf8004000 	C:\Users\jinny\.gradle\native\100fb08df4bc3b14c8652ba06237920a3bd2aa13389f12d3474272988ae205f9\windows-amd64\native-platform-file-events.dll
0x00007ffe1a380000 - 0x00007ffe1a38a000 	C:\Program Files\Java\jdk-17\bin\management.dll
0x00007ffe19960000 - 0x00007ffe1996b000 	C:\Program Files\Java\jdk-17\bin\management_ext.dll
0x00007ffe4a200000 - 0x00007ffe4a21c000 	C:\WINDOWS\SYSTEM32\CRYPTSP.dll
0x00007ffe49990000 - 0x00007ffe499ca000 	C:\WINDOWS\system32\rsaenh.dll
0x00007ffe49ff0000 - 0x00007ffe4a01b000 	C:\WINDOWS\SYSTEM32\USERENV.dll
0x00007ffe4a9e0000 - 0x00007ffe4aa06000 	C:\WINDOWS\SYSTEM32\bcrypt.dll
0x00007ffe4a1f0000 - 0x00007ffe4a1fc000 	C:\WINDOWS\SYSTEM32\CRYPTBASE.dll
0x00007ffe494c0000 - 0x00007ffe494f3000 	C:\WINDOWS\SYSTEM32\IPHLPAPI.DLL
0x00007ffe4d050000 - 0x00007ffe4d05a000 	C:\WINDOWS\System32\NSI.dll
0x00007ffe41910000 - 0x00007ffe4192f000 	C:\WINDOWS\SYSTEM32\dhcpcsvc6.DLL
0x00007ffe418e0000 - 0x00007ffe41905000 	C:\WINDOWS\SYSTEM32\dhcpcsvc.DLL
0x00007ffe49500000 - 0x00007ffe49625000 	C:\WINDOWS\SYSTEM32\DNSAPI.dll
0x00007ffe19140000 - 0x00007ffe1914d000 	C:\Program Files\Java\jdk-17\bin\sunmscapi.dll
0x00007ffe4acd0000 - 0x00007ffe4ae47000 	C:\WINDOWS\System32\CRYPT32.dll
0x00007ffe4a3f0000 - 0x00007ffe4a420000 	C:\WINDOWS\SYSTEM32\ncrypt.dll
0x00007ffe4a3a0000 - 0x00007ffe4a3df000 	C:\WINDOWS\SYSTEM32\NTASN1.dll
0x00007ffe2be30000 - 0x00007ffe2be38000 	C:\WINDOWS\system32\wshunix.dll

dbghelp: loaded successfully - version: 4.0.5 - missing functions: none
symbol engine: initialized successfully - sym options: 0x614 - pdb path: .;C:\Program Files\Java\jdk-17\bin;C:\WINDOWS\SYSTEM32;C:\WINDOWS\WinSxS\amd64_microsoft.windows.common-controls_6595b64144ccf1df_6.0.26100.3624_none_3e086962e3345f24;C:\Program Files\Java\jdk-17\bin\server;C:\Users\jinny\.gradle\native\c067742578af261105cb4f569cf0c3c89f3d7b1fecec35dd04571415982c5e48\windows-amd64;C:\Users\jinny\.gradle\native\100fb08df4bc3b14c8652ba06237920a3bd2aa13389f12d3474272988ae205f9\windows-amd64

VM Arguments:
jvm_args: --add-opens=java.base/java.lang=ALL-UNNAMED --add-opens=java.base/java.lang.invoke=ALL-UNNAMED --add-opens=java.base/java.util=ALL-UNNAMED --add-opens=java.prefs/java.util.prefs=ALL-UNNAMED --add-exports=jdk.compiler/com.sun.tools.javac.api=ALL-UNNAMED --add-exports=jdk.compiler/com.sun.tools.javac.util=ALL-UNNAMED --add-opens=java.base/java.util=ALL-UNNAMED --add-opens=java.prefs/java.util.prefs=ALL-UNNAMED --add-opens=java.base/java.nio.charset=ALL-UNNAMED --add-opens=java.base/java.net=ALL-UNNAMED --add-opens=java.base/java.util.concurrent.atomic=ALL-UNNAMED --add-opens=java.xml/javax.xml.namespace=ALL-UNNAMED -Xmx2048m -Dfile.encoding=UTF-8 -Duser.country=KR -Duser.language=ko -Duser.variant -javaagent:C:\Users\jinny\.gradle\wrapper\dists\gradle-8.11.1-bin\bpt9gzteqjrbo1mjrsomdt32c\gradle-8.11.1\lib\agents\gradle-instrumentation-agent-8.11.1.jar 
java_command: org.gradle.launcher.daemon.bootstrap.GradleDaemon 8.11.1
java_class_path (initial): C:\Users\jinny\.gradle\wrapper\dists\gradle-8.11.1-bin\bpt9gzteqjrbo1mjrsomdt32c\gradle-8.11.1\lib\gradle-daemon-main-8.11.1.jar
Launcher Type: SUN_STANDARD

[Global flags]
     intx CICompilerCount                          = 12                                        {product} {ergonomic}
     uint ConcGCThreads                            = 3                                         {product} {ergonomic}
     uint G1ConcRefinementThreads                  = 13                                        {product} {ergonomic}
   size_t G1HeapRegionSize                         = 1048576                                   {product} {ergonomic}
    uintx GCDrainStackTargetSize                   = 64                                        {product} {ergonomic}
   size_t InitialHeapSize                          = 264241152                                 {product} {ergonomic}
   size_t MarkStackSize                            = 4194304                                   {product} {ergonomic}
   size_t MaxHeapSize                              = 2147483648                                {product} {command line}
   size_t MaxNewSize                               = 1287651328                                {product} {ergonomic}
   size_t MinHeapDeltaBytes                        = 1048576                                   {product} {ergonomic}
   size_t MinHeapSize                              = 8388608                                   {product} {ergonomic}
    uintx NonNMethodCodeHeapSize                   = 7602480                                {pd product} {ergonomic}
    uintx NonProfiledCodeHeapSize                  = 122027880                              {pd product} {ergonomic}
    uintx ProfiledCodeHeapSize                     = 122027880                              {pd product} {ergonomic}
    uintx ReservedCodeCacheSize                    = 251658240                              {pd product} {ergonomic}
     bool SegmentedCodeCache                       = true                                      {product} {ergonomic}
   size_t SoftMaxHeapSize                          = 2147483648                             {manageable} {ergonomic}
     bool UseCompressedClassPointers               = true                           {product lp64_product} {ergonomic}
     bool UseCompressedOops                        = true                           {product lp64_product} {ergonomic}
     bool UseG1GC                                  = true                                      {product} {ergonomic}
     bool UseLargePagesIndividualAllocation        = false                                  {pd product} {ergonomic}

Logging:
Log output configuration:
 #0: stdout all=warning uptime,level,tags
 #1: stderr all=off uptime,level,tags

Environment Variables:
CLASSPATH=c:\Users\jinny\AndroidStudioProjects\MungNyang\\gradle\wrapper\gradle-wrapper.jar
PATH=C:\Program Files\Common Files\Oracle\Java\javapath;C:\WINDOWS\system32;C:\WINDOWS;C:\WINDOWS\System32\Wbem;C:\WINDOWS\System32\WindowsPowerShell\v1.0\;C:\WINDOWS\System32\OpenSSH\;C:\Program Files\Java\jdk-17;C:\MinGW\bin;C:\Program Files\Git\cmd;C:\Program Files\dotnet\;D:\Bandizip\;C:\Program Files\MySQL\MySQL Server 8.0\bin;C:\Program Files\nodejs\;C:\Python310\Scripts\;C:\Python310\;C:\Users\jinny\AppData\Local\Microsoft\WindowsApps;D:\IntelliJ IDEA Community Edition 2022.3\bin;D:\Microsoft VS Code\bin;C:\MinGW\bin;C:\Users\jinny\AppData\Roaming\npm;C:\Users\jinny\AppData\Roaming\Programs\Zero Install;C:\Users\jinny\AppData\Local\Microsoft\WindowsApps;D:\cursor\resources\app\bin
USERNAME=jinny
OS=Windows_NT
PROCESSOR_IDENTIFIER=Intel64 Family 6 Model 154 Stepping 3, GenuineIntel



---------------  S Y S T E M  ---------------

OS:
 Windows 11 , 64 bit Build 26100 (10.0.26100.3775)
OS uptime: 43 days 0:29 hours
Hyper-V role detected

CPU: total 16 (initial active 16) (8 cores per cpu, 2 threads per core) family 6 model 154 stepping 3 microcode 0x423, cx8, cmov, fxsr, ht, mmx, 3dnowpref, sse, sse2, sse3, ssse3, sse4.1, sse4.2, popcnt, lzcnt, tsc, tscinvbit, avx, avx2, aes, erms, clmul, bmi1, bmi2, adx, sha, fma, vzeroupper, clflush, clflushopt, clwb, hv

Memory: 4k page, system-wide physical 16010M (1236M free)
TotalPageFile size 36541M (AvailPageFile size 309M)
current process WorkingSet (physical memory assigned to process): 577M, peak: 577M
current process commit charge ("private bytes"): 664M, peak: 1053M

vm_info: Java HotSpot(TM) 64-Bit Server VM (17.0.6+9-LTS-190) for windows-amd64 JRE (17.0.6+9-LTS-190), built on Dec  6 2022 15:53:54 by "mach5one" with MS VC++ 17.1 (VS2022)

END.
